{
  "C:\\Users\\Localuser\\Desktop\\Discordbot\\discord-privacy-util\\.eslintrc.cjs": {
    "path": "C:\\Users\\Localuser\\Desktop\\Discordbot\\discord-privacy-util\\.eslintrc.cjs",
    "all": true,
    "statementMap": {
      "0": {
        "start": { "line": 1, "column": 0 },
        "end": { "line": 1, "column": 18 }
      },
      "1": {
        "start": { "line": 2, "column": 0 },
        "end": { "line": 2, "column": 13 }
      },
      "2": {
        "start": { "line": 3, "column": 0 },
        "end": { "line": 3, "column": 8 }
      },
      "3": {
        "start": { "line": 4, "column": 0 },
        "end": { "line": 4, "column": 18 }
      },
      "4": {
        "start": { "line": 5, "column": 0 },
        "end": { "line": 5, "column": 17 }
      },
      "5": {
        "start": { "line": 6, "column": 0 },
        "end": { "line": 6, "column": 15 }
      },
      "6": {
        "start": { "line": 7, "column": 0 },
        "end": { "line": 7, "column": 4 }
      },
      "7": {
        "start": { "line": 8, "column": 0 },
        "end": { "line": 8, "column": 12 }
      },
      "8": {
        "start": { "line": 9, "column": 0 },
        "end": { "line": 9, "column": 25 }
      },
      "9": {
        "start": { "line": 10, "column": 0 },
        "end": { "line": 10, "column": 44 }
      },
      "10": {
        "start": { "line": 11, "column": 0 },
        "end": { "line": 11, "column": 31 }
      },
      "11": {
        "start": { "line": 12, "column": 0 },
        "end": { "line": 12, "column": 31 }
      },
      "12": {
        "start": { "line": 13, "column": 0 },
        "end": { "line": 13, "column": 64 }
      },
      "13": {
        "start": { "line": 14, "column": 0 },
        "end": { "line": 14, "column": 4 }
      },
      "14": {
        "start": { "line": 15, "column": 0 },
        "end": { "line": 15, "column": 38 }
      },
      "15": {
        "start": { "line": 16, "column": 0 },
        "end": { "line": 16, "column": 18 }
      },
      "16": {
        "start": { "line": 17, "column": 0 },
        "end": { "line": 17, "column": 26 }
      },
      "17": {
        "start": { "line": 18, "column": 0 },
        "end": { "line": 18, "column": 25 }
      },
      "18": {
        "start": { "line": 19, "column": 0 },
        "end": { "line": 19, "column": 57 }
      },
      "19": {
        "start": { "line": 20, "column": 0 },
        "end": { "line": 20, "column": 31 }
      },
      "20": {
        "start": { "line": 21, "column": 0 },
        "end": { "line": 21, "column": 19 }
      },
      "21": {
        "start": { "line": 22, "column": 0 },
        "end": { "line": 22, "column": 16 }
      },
      "22": {
        "start": { "line": 23, "column": 0 },
        "end": { "line": 23, "column": 6 }
      },
      "23": {
        "start": { "line": 24, "column": 0 },
        "end": { "line": 24, "column": 4 }
      },
      "24": {
        "start": { "line": 25, "column": 0 },
        "end": { "line": 25, "column": 43 }
      },
      "25": {
        "start": { "line": 26, "column": 0 },
        "end": { "line": 26, "column": 13 }
      },
      "26": {
        "start": { "line": 27, "column": 0 },
        "end": { "line": 27, "column": 12 }
      },
      "27": {
        "start": { "line": 28, "column": 0 },
        "end": { "line": 28, "column": 24 }
      },
      "28": {
        "start": { "line": 29, "column": 0 },
        "end": { "line": 29, "column": 6 }
      },
      "29": {
        "start": { "line": 30, "column": 0 },
        "end": { "line": 30, "column": 4 }
      },
      "30": {
        "start": { "line": 31, "column": 0 },
        "end": { "line": 31, "column": 10 }
      },
      "31": {
        "start": { "line": 32, "column": 0 },
        "end": { "line": 32, "column": 74 }
      },
      "32": {
        "start": { "line": 33, "column": 0 },
        "end": { "line": 33, "column": 38 }
      },
      "33": {
        "start": { "line": 34, "column": 0 },
        "end": { "line": 34, "column": 48 }
      },
      "34": {
        "start": { "line": 35, "column": 0 },
        "end": { "line": 35, "column": 47 }
      },
      "35": {
        "start": { "line": 36, "column": 0 },
        "end": { "line": 36, "column": 41 }
      },
      "36": {
        "start": { "line": 37, "column": 0 },
        "end": { "line": 37, "column": 28 }
      },
      "37": {
        "start": { "line": 38, "column": 0 },
        "end": { "line": 38, "column": 4 }
      },
      "38": {
        "start": { "line": 39, "column": 0 },
        "end": { "line": 39, "column": 60 }
      },
      "39": {
        "start": { "line": 40, "column": 0 },
        "end": { "line": 40, "column": 2 }
      }
    },
    "s": {
      "0": 0,
      "1": 0,
      "2": 0,
      "3": 0,
      "4": 0,
      "5": 0,
      "6": 0,
      "7": 0,
      "8": 0,
      "9": 0,
      "10": 0,
      "11": 0,
      "12": 0,
      "13": 0,
      "14": 0,
      "15": 0,
      "16": 0,
      "17": 0,
      "18": 0,
      "19": 0,
      "20": 0,
      "21": 0,
      "22": 0,
      "23": 0,
      "24": 0,
      "25": 0,
      "26": 0,
      "27": 0,
      "28": 0,
      "29": 0,
      "30": 0,
      "31": 0,
      "32": 0,
      "33": 0,
      "34": 0,
      "35": 0,
      "36": 0,
      "37": 0,
      "38": 0,
      "39": 0
    },
    "branchMap": {
      "0": {
        "type": "branch",
        "line": 1,
        "loc": {
          "start": { "line": 1, "column": 1076 },
          "end": { "line": 40, "column": 2 }
        },
        "locations": [
          {
            "start": { "line": 1, "column": 1076 },
            "end": { "line": 40, "column": 2 }
          }
        ]
      }
    },
    "b": { "0": [0] },
    "fnMap": {
      "0": {
        "name": "(empty-report)",
        "decl": {
          "start": { "line": 1, "column": 1076 },
          "end": { "line": 40, "column": 2 }
        },
        "loc": {
          "start": { "line": 1, "column": 1076 },
          "end": { "line": 40, "column": 2 }
        },
        "line": 1
      }
    },
    "f": { "0": 0 }
  },
  "C:\\Users\\Localuser\\Desktop\\Discordbot\\discord-privacy-util\\postcss.config.js": {
    "path": "C:\\Users\\Localuser\\Desktop\\Discordbot\\discord-privacy-util\\postcss.config.js",
    "all": true,
    "statementMap": {
      "0": {
        "start": { "line": 1, "column": 0 },
        "end": { "line": 1, "column": 16 }
      },
      "1": {
        "start": { "line": 2, "column": 0 },
        "end": { "line": 2, "column": 12 }
      },
      "2": {
        "start": { "line": 3, "column": 0 },
        "end": { "line": 3, "column": 31 }
      },
      "3": {
        "start": { "line": 4, "column": 0 },
        "end": { "line": 4, "column": 21 }
      },
      "4": {
        "start": { "line": 5, "column": 0 },
        "end": { "line": 5, "column": 4 }
      },
      "5": {
        "start": { "line": 6, "column": 0 },
        "end": { "line": 6, "column": 2 }
      }
    },
    "s": { "0": 0, "1": 0, "2": 0, "3": 0, "4": 0, "5": 0 },
    "branchMap": {
      "0": {
        "type": "branch",
        "line": 1,
        "loc": {
          "start": { "line": 1, "column": 0 },
          "end": { "line": 6, "column": -11 }
        },
        "locations": [
          {
            "start": { "line": 1, "column": 0 },
            "end": { "line": 6, "column": -11 }
          }
        ]
      }
    },
    "b": { "0": [0] },
    "fnMap": {
      "0": {
        "name": "(empty-report)",
        "decl": {
          "start": { "line": 1, "column": 0 },
          "end": { "line": 6, "column": -11 }
        },
        "loc": {
          "start": { "line": 1, "column": 0 },
          "end": { "line": 6, "column": -11 }
        },
        "line": 1
      }
    },
    "f": { "0": 0 }
  },
  "C:\\Users\\Localuser\\Desktop\\Discordbot\\discord-privacy-util\\tailwind.config.js": {
    "path": "C:\\Users\\Localuser\\Desktop\\Discordbot\\discord-privacy-util\\tailwind.config.js",
    "all": true,
    "statementMap": {
      "0": {
        "start": { "line": 1, "column": 0 },
        "end": { "line": 1, "column": 43 }
      },
      "1": {
        "start": { "line": 2, "column": 0 },
        "end": { "line": 2, "column": 16 }
      },
      "2": {
        "start": { "line": 3, "column": 0 },
        "end": { "line": 3, "column": 58 }
      },
      "3": {
        "start": { "line": 4, "column": 0 },
        "end": { "line": 4, "column": 10 }
      },
      "4": {
        "start": { "line": 5, "column": 0 },
        "end": { "line": 5, "column": 13 }
      },
      "5": {
        "start": { "line": 6, "column": 0 },
        "end": { "line": 6, "column": 15 }
      },
      "6": {
        "start": { "line": 7, "column": 0 },
        "end": { "line": 7, "column": 13 }
      },
      "7": {
        "start": { "line": 8, "column": 0 },
        "end": { "line": 8, "column": 29 }
      },
      "8": {
        "start": { "line": 9, "column": 0 },
        "end": { "line": 9, "column": 31 }
      },
      "9": {
        "start": { "line": 10, "column": 0 },
        "end": { "line": 10, "column": 38 }
      },
      "10": {
        "start": { "line": 11, "column": 0 },
        "end": { "line": 11, "column": 40 }
      },
      "11": {
        "start": { "line": 12, "column": 0 },
        "end": { "line": 12, "column": 31 }
      },
      "12": {
        "start": { "line": 13, "column": 0 },
        "end": { "line": 13, "column": 33 }
      },
      "13": {
        "start": { "line": 14, "column": 0 },
        "end": { "line": 14, "column": 40 }
      },
      "14": {
        "start": { "line": 15, "column": 0 },
        "end": { "line": 15, "column": 42 }
      },
      "15": {
        "start": { "line": 16, "column": 0 },
        "end": { "line": 16, "column": 30 }
      },
      "16": {
        "start": { "line": 17, "column": 0 },
        "end": { "line": 17, "column": 32 }
      },
      "17": {
        "start": { "line": 18, "column": 0 },
        "end": { "line": 18, "column": 39 }
      },
      "18": {
        "start": { "line": 19, "column": 0 },
        "end": { "line": 19, "column": 41 }
      },
      "19": {
        "start": { "line": 20, "column": 0 },
        "end": { "line": 20, "column": 27 }
      },
      "20": {
        "start": { "line": 21, "column": 0 },
        "end": { "line": 21, "column": 29 }
      },
      "21": {
        "start": { "line": 22, "column": 0 },
        "end": { "line": 22, "column": 36 }
      },
      "22": {
        "start": { "line": 23, "column": 0 },
        "end": { "line": 23, "column": 38 }
      },
      "23": {
        "start": { "line": 24, "column": 0 },
        "end": { "line": 24, "column": 32 }
      },
      "24": {
        "start": { "line": 25, "column": 0 },
        "end": { "line": 25, "column": 34 }
      },
      "25": {
        "start": { "line": 26, "column": 0 },
        "end": { "line": 26, "column": 29 }
      },
      "26": {
        "start": { "line": 27, "column": 0 },
        "end": { "line": 27, "column": 31 }
      },
      "27": {
        "start": { "line": 28, "column": 0 },
        "end": { "line": 28, "column": 36 }
      },
      "28": {
        "start": { "line": 29, "column": 0 },
        "end": { "line": 29, "column": 38 }
      },
      "29": {
        "start": { "line": 30, "column": 0 },
        "end": { "line": 30, "column": 29 }
      },
      "30": {
        "start": { "line": 31, "column": 0 },
        "end": { "line": 31, "column": 36 }
      },
      "31": {
        "start": { "line": 32, "column": 0 },
        "end": { "line": 32, "column": 27 }
      },
      "32": {
        "start": { "line": 33, "column": 0 },
        "end": { "line": 33, "column": 10 }
      },
      "33": {
        "start": { "line": 34, "column": 0 },
        "end": { "line": 34, "column": 8 }
      },
      "34": {
        "start": { "line": 35, "column": 0 },
        "end": { "line": 35, "column": 21 }
      },
      "35": {
        "start": { "line": 36, "column": 0 },
        "end": { "line": 36, "column": 23 }
      },
      "36": {
        "start": { "line": 37, "column": 0 },
        "end": { "line": 37, "column": 23 }
      },
      "37": {
        "start": { "line": 38, "column": 0 },
        "end": { "line": 38, "column": 24 }
      },
      "38": {
        "start": { "line": 39, "column": 0 },
        "end": { "line": 39, "column": 24 }
      },
      "39": {
        "start": { "line": 40, "column": 0 },
        "end": { "line": 40, "column": 24 }
      },
      "40": {
        "start": { "line": 41, "column": 0 },
        "end": { "line": 41, "column": 28 }
      },
      "41": {
        "start": { "line": 42, "column": 0 },
        "end": { "line": 42, "column": 8 }
      },
      "42": {
        "start": { "line": 43, "column": 0 },
        "end": { "line": 43, "column": 6 }
      },
      "43": {
        "start": { "line": 44, "column": 0 },
        "end": { "line": 44, "column": 4 }
      },
      "44": {
        "start": { "line": 45, "column": 0 },
        "end": { "line": 45, "column": 14 }
      },
      "45": {
        "start": { "line": 46, "column": 0 },
        "end": { "line": 46, "column": 2 }
      }
    },
    "s": {
      "0": 0,
      "1": 0,
      "2": 0,
      "3": 0,
      "4": 0,
      "5": 0,
      "6": 0,
      "7": 0,
      "8": 0,
      "9": 0,
      "10": 0,
      "11": 0,
      "12": 0,
      "13": 0,
      "14": 0,
      "15": 0,
      "16": 0,
      "17": 0,
      "18": 0,
      "19": 0,
      "20": 0,
      "21": 0,
      "22": 0,
      "23": 0,
      "24": 0,
      "25": 0,
      "26": 0,
      "27": 0,
      "28": 0,
      "29": 0,
      "30": 0,
      "31": 0,
      "32": 0,
      "33": 0,
      "34": 0,
      "35": 0,
      "36": 0,
      "37": 0,
      "38": 0,
      "39": 0,
      "40": 0,
      "41": 0,
      "42": 0,
      "43": 0,
      "44": 0,
      "45": 0
    },
    "branchMap": {
      "0": {
        "type": "branch",
        "line": 1,
        "loc": {
          "start": { "line": 1, "column": 0 },
          "end": { "line": 46, "column": -13 }
        },
        "locations": [
          {
            "start": { "line": 1, "column": 0 },
            "end": { "line": 46, "column": -13 }
          }
        ]
      }
    },
    "b": { "0": [0] },
    "fnMap": {
      "0": {
        "name": "(empty-report)",
        "decl": {
          "start": { "line": 1, "column": 0 },
          "end": { "line": 46, "column": -13 }
        },
        "loc": {
          "start": { "line": 1, "column": 0 },
          "end": { "line": 46, "column": -13 }
        },
        "line": 1
      }
    },
    "f": { "0": 0 }
  },
  "C:\\Users\\Localuser\\Desktop\\Discordbot\\discord-privacy-util\\src-tauri\\target\\debug\\build\\src-tauri-0aa94a61e08d7386\\out\\__global-api-script.js": {
    "path": "C:\\Users\\Localuser\\Desktop\\Discordbot\\discord-privacy-util\\src-tauri\\target\\debug\\build\\src-tauri-0aa94a61e08d7386\\out\\__global-api-script.js",
    "all": true,
    "statementMap": {
      "0": {
        "start": { "line": 1, "column": 0 },
        "end": { "line": 1, "column": 382 }
      }
    },
    "s": { "0": 0 },
    "branchMap": {
      "0": {
        "type": "branch",
        "line": 1,
        "loc": {
          "start": { "line": 1, "column": 0 },
          "end": { "line": 1, "column": 382 }
        },
        "locations": [
          {
            "start": { "line": 1, "column": 0 },
            "end": { "line": 1, "column": 382 }
          }
        ]
      }
    },
    "b": { "0": [0] },
    "fnMap": {
      "0": {
        "name": "(empty-report)",
        "decl": {
          "start": { "line": 1, "column": 0 },
          "end": { "line": 1, "column": 382 }
        },
        "loc": {
          "start": { "line": 1, "column": 0 },
          "end": { "line": 1, "column": 382 }
        },
        "line": 1
      }
    },
    "f": { "0": 0 }
  },
  "C:\\Users\\Localuser\\Desktop\\Discordbot\\discord-privacy-util\\src-tauri\\target\\debug\\build\\src-tauri-1a4a947f73759d7d\\out\\__global-api-script.js": {
    "path": "C:\\Users\\Localuser\\Desktop\\Discordbot\\discord-privacy-util\\src-tauri\\target\\debug\\build\\src-tauri-1a4a947f73759d7d\\out\\__global-api-script.js",
    "all": true,
    "statementMap": {
      "0": {
        "start": { "line": 1, "column": 0 },
        "end": { "line": 1, "column": 382 }
      }
    },
    "s": { "0": 0 },
    "branchMap": {
      "0": {
        "type": "branch",
        "line": 1,
        "loc": {
          "start": { "line": 1, "column": 0 },
          "end": { "line": 1, "column": 382 }
        },
        "locations": [
          {
            "start": { "line": 1, "column": 0 },
            "end": { "line": 1, "column": 382 }
          }
        ]
      }
    },
    "b": { "0": [0] },
    "fnMap": {
      "0": {
        "name": "(empty-report)",
        "decl": {
          "start": { "line": 1, "column": 0 },
          "end": { "line": 1, "column": 382 }
        },
        "loc": {
          "start": { "line": 1, "column": 0 },
          "end": { "line": 1, "column": 382 }
        },
        "line": 1
      }
    },
    "f": { "0": 0 }
  },
  "C:\\Users\\Localuser\\Desktop\\Discordbot\\discord-privacy-util\\src-tauri\\target\\debug\\build\\src-tauri-1c12b12cc0a94cf6\\out\\__global-api-script.js": {
    "path": "C:\\Users\\Localuser\\Desktop\\Discordbot\\discord-privacy-util\\src-tauri\\target\\debug\\build\\src-tauri-1c12b12cc0a94cf6\\out\\__global-api-script.js",
    "all": true,
    "statementMap": {
      "0": {
        "start": { "line": 1, "column": 0 },
        "end": { "line": 1, "column": 255 }
      }
    },
    "s": { "0": 0 },
    "branchMap": {
      "0": {
        "type": "branch",
        "line": 1,
        "loc": {
          "start": { "line": 1, "column": 0 },
          "end": { "line": 1, "column": 255 }
        },
        "locations": [
          {
            "start": { "line": 1, "column": 0 },
            "end": { "line": 1, "column": 255 }
          }
        ]
      }
    },
    "b": { "0": [0] },
    "fnMap": {
      "0": {
        "name": "(empty-report)",
        "decl": {
          "start": { "line": 1, "column": 0 },
          "end": { "line": 1, "column": 255 }
        },
        "loc": {
          "start": { "line": 1, "column": 0 },
          "end": { "line": 1, "column": 255 }
        },
        "line": 1
      }
    },
    "f": { "0": 0 }
  },
  "C:\\Users\\Localuser\\Desktop\\Discordbot\\discord-privacy-util\\src-tauri\\target\\debug\\build\\src-tauri-1f20e623ecffd8ce\\out\\__global-api-script.js": {
    "path": "C:\\Users\\Localuser\\Desktop\\Discordbot\\discord-privacy-util\\src-tauri\\target\\debug\\build\\src-tauri-1f20e623ecffd8ce\\out\\__global-api-script.js",
    "all": true,
    "statementMap": {
      "0": {
        "start": { "line": 1, "column": 0 },
        "end": { "line": 1, "column": 382 }
      }
    },
    "s": { "0": 0 },
    "branchMap": {
      "0": {
        "type": "branch",
        "line": 1,
        "loc": {
          "start": { "line": 1, "column": 0 },
          "end": { "line": 1, "column": 382 }
        },
        "locations": [
          {
            "start": { "line": 1, "column": 0 },
            "end": { "line": 1, "column": 382 }
          }
        ]
      }
    },
    "b": { "0": [0] },
    "fnMap": {
      "0": {
        "name": "(empty-report)",
        "decl": {
          "start": { "line": 1, "column": 0 },
          "end": { "line": 1, "column": 382 }
        },
        "loc": {
          "start": { "line": 1, "column": 0 },
          "end": { "line": 1, "column": 382 }
        },
        "line": 1
      }
    },
    "f": { "0": 0 }
  },
  "C:\\Users\\Localuser\\Desktop\\Discordbot\\discord-privacy-util\\src-tauri\\target\\debug\\build\\src-tauri-2da5e9df7f896f49\\out\\__global-api-script.js": {
    "path": "C:\\Users\\Localuser\\Desktop\\Discordbot\\discord-privacy-util\\src-tauri\\target\\debug\\build\\src-tauri-2da5e9df7f896f49\\out\\__global-api-script.js",
    "all": true,
    "statementMap": {
      "0": {
        "start": { "line": 1, "column": 0 },
        "end": { "line": 1, "column": 382 }
      }
    },
    "s": { "0": 0 },
    "branchMap": {
      "0": {
        "type": "branch",
        "line": 1,
        "loc": {
          "start": { "line": 1, "column": 0 },
          "end": { "line": 1, "column": 382 }
        },
        "locations": [
          {
            "start": { "line": 1, "column": 0 },
            "end": { "line": 1, "column": 382 }
          }
        ]
      }
    },
    "b": { "0": [0] },
    "fnMap": {
      "0": {
        "name": "(empty-report)",
        "decl": {
          "start": { "line": 1, "column": 0 },
          "end": { "line": 1, "column": 382 }
        },
        "loc": {
          "start": { "line": 1, "column": 0 },
          "end": { "line": 1, "column": 382 }
        },
        "line": 1
      }
    },
    "f": { "0": 0 }
  },
  "C:\\Users\\Localuser\\Desktop\\Discordbot\\discord-privacy-util\\src-tauri\\target\\debug\\build\\src-tauri-2e2cbc6ab7a9491c\\out\\__global-api-script.js": {
    "path": "C:\\Users\\Localuser\\Desktop\\Discordbot\\discord-privacy-util\\src-tauri\\target\\debug\\build\\src-tauri-2e2cbc6ab7a9491c\\out\\__global-api-script.js",
    "all": true,
    "statementMap": {
      "0": {
        "start": { "line": 1, "column": 0 },
        "end": { "line": 1, "column": 382 }
      }
    },
    "s": { "0": 0 },
    "branchMap": {
      "0": {
        "type": "branch",
        "line": 1,
        "loc": {
          "start": { "line": 1, "column": 0 },
          "end": { "line": 1, "column": 382 }
        },
        "locations": [
          {
            "start": { "line": 1, "column": 0 },
            "end": { "line": 1, "column": 382 }
          }
        ]
      }
    },
    "b": { "0": [0] },
    "fnMap": {
      "0": {
        "name": "(empty-report)",
        "decl": {
          "start": { "line": 1, "column": 0 },
          "end": { "line": 1, "column": 382 }
        },
        "loc": {
          "start": { "line": 1, "column": 0 },
          "end": { "line": 1, "column": 382 }
        },
        "line": 1
      }
    },
    "f": { "0": 0 }
  },
  "C:\\Users\\Localuser\\Desktop\\Discordbot\\discord-privacy-util\\src-tauri\\target\\debug\\build\\src-tauri-42c201b2b594915d\\out\\__global-api-script.js": {
    "path": "C:\\Users\\Localuser\\Desktop\\Discordbot\\discord-privacy-util\\src-tauri\\target\\debug\\build\\src-tauri-42c201b2b594915d\\out\\__global-api-script.js",
    "all": true,
    "statementMap": {
      "0": {
        "start": { "line": 1, "column": 0 },
        "end": { "line": 1, "column": 382 }
      }
    },
    "s": { "0": 0 },
    "branchMap": {
      "0": {
        "type": "branch",
        "line": 1,
        "loc": {
          "start": { "line": 1, "column": 0 },
          "end": { "line": 1, "column": 382 }
        },
        "locations": [
          {
            "start": { "line": 1, "column": 0 },
            "end": { "line": 1, "column": 382 }
          }
        ]
      }
    },
    "b": { "0": [0] },
    "fnMap": {
      "0": {
        "name": "(empty-report)",
        "decl": {
          "start": { "line": 1, "column": 0 },
          "end": { "line": 1, "column": 382 }
        },
        "loc": {
          "start": { "line": 1, "column": 0 },
          "end": { "line": 1, "column": 382 }
        },
        "line": 1
      }
    },
    "f": { "0": 0 }
  },
  "C:\\Users\\Localuser\\Desktop\\Discordbot\\discord-privacy-util\\src-tauri\\target\\debug\\build\\src-tauri-69c23eb41ad8c2f2\\out\\__global-api-script.js": {
    "path": "C:\\Users\\Localuser\\Desktop\\Discordbot\\discord-privacy-util\\src-tauri\\target\\debug\\build\\src-tauri-69c23eb41ad8c2f2\\out\\__global-api-script.js",
    "all": true,
    "statementMap": {
      "0": {
        "start": { "line": 1, "column": 0 },
        "end": { "line": 1, "column": 382 }
      }
    },
    "s": { "0": 0 },
    "branchMap": {
      "0": {
        "type": "branch",
        "line": 1,
        "loc": {
          "start": { "line": 1, "column": 0 },
          "end": { "line": 1, "column": 382 }
        },
        "locations": [
          {
            "start": { "line": 1, "column": 0 },
            "end": { "line": 1, "column": 382 }
          }
        ]
      }
    },
    "b": { "0": [0] },
    "fnMap": {
      "0": {
        "name": "(empty-report)",
        "decl": {
          "start": { "line": 1, "column": 0 },
          "end": { "line": 1, "column": 382 }
        },
        "loc": {
          "start": { "line": 1, "column": 0 },
          "end": { "line": 1, "column": 382 }
        },
        "line": 1
      }
    },
    "f": { "0": 0 }
  },
  "C:\\Users\\Localuser\\Desktop\\Discordbot\\discord-privacy-util\\src-tauri\\target\\debug\\build\\src-tauri-a03dd769c9ba6751\\out\\__global-api-script.js": {
    "path": "C:\\Users\\Localuser\\Desktop\\Discordbot\\discord-privacy-util\\src-tauri\\target\\debug\\build\\src-tauri-a03dd769c9ba6751\\out\\__global-api-script.js",
    "all": true,
    "statementMap": {
      "0": {
        "start": { "line": 1, "column": 0 },
        "end": { "line": 1, "column": 382 }
      }
    },
    "s": { "0": 0 },
    "branchMap": {
      "0": {
        "type": "branch",
        "line": 1,
        "loc": {
          "start": { "line": 1, "column": 0 },
          "end": { "line": 1, "column": 382 }
        },
        "locations": [
          {
            "start": { "line": 1, "column": 0 },
            "end": { "line": 1, "column": 382 }
          }
        ]
      }
    },
    "b": { "0": [0] },
    "fnMap": {
      "0": {
        "name": "(empty-report)",
        "decl": {
          "start": { "line": 1, "column": 0 },
          "end": { "line": 1, "column": 382 }
        },
        "loc": {
          "start": { "line": 1, "column": 0 },
          "end": { "line": 1, "column": 382 }
        },
        "line": 1
      }
    },
    "f": { "0": 0 }
  },
  "C:\\Users\\Localuser\\Desktop\\Discordbot\\discord-privacy-util\\src-tauri\\target\\debug\\build\\src-tauri-c776134cb8339649\\out\\__global-api-script.js": {
    "path": "C:\\Users\\Localuser\\Desktop\\Discordbot\\discord-privacy-util\\src-tauri\\target\\debug\\build\\src-tauri-c776134cb8339649\\out\\__global-api-script.js",
    "all": true,
    "statementMap": {
      "0": {
        "start": { "line": 1, "column": 0 },
        "end": { "line": 1, "column": 382 }
      }
    },
    "s": { "0": 0 },
    "branchMap": {
      "0": {
        "type": "branch",
        "line": 1,
        "loc": {
          "start": { "line": 1, "column": 0 },
          "end": { "line": 1, "column": 382 }
        },
        "locations": [
          {
            "start": { "line": 1, "column": 0 },
            "end": { "line": 1, "column": 382 }
          }
        ]
      }
    },
    "b": { "0": [0] },
    "fnMap": {
      "0": {
        "name": "(empty-report)",
        "decl": {
          "start": { "line": 1, "column": 0 },
          "end": { "line": 1, "column": 382 }
        },
        "loc": {
          "start": { "line": 1, "column": 0 },
          "end": { "line": 1, "column": 382 }
        },
        "line": 1
      }
    },
    "f": { "0": 0 }
  },
  "C:\\Users\\Localuser\\Desktop\\Discordbot\\discord-privacy-util\\src-tauri\\target\\debug\\build\\src-tauri-da31a0d6c54ff89d\\out\\__global-api-script.js": {
    "path": "C:\\Users\\Localuser\\Desktop\\Discordbot\\discord-privacy-util\\src-tauri\\target\\debug\\build\\src-tauri-da31a0d6c54ff89d\\out\\__global-api-script.js",
    "all": true,
    "statementMap": {
      "0": {
        "start": { "line": 1, "column": 0 },
        "end": { "line": 1, "column": 382 }
      }
    },
    "s": { "0": 0 },
    "branchMap": {
      "0": {
        "type": "branch",
        "line": 1,
        "loc": {
          "start": { "line": 1, "column": 0 },
          "end": { "line": 1, "column": 382 }
        },
        "locations": [
          {
            "start": { "line": 1, "column": 0 },
            "end": { "line": 1, "column": 382 }
          }
        ]
      }
    },
    "b": { "0": [0] },
    "fnMap": {
      "0": {
        "name": "(empty-report)",
        "decl": {
          "start": { "line": 1, "column": 0 },
          "end": { "line": 1, "column": 382 }
        },
        "loc": {
          "start": { "line": 1, "column": 0 },
          "end": { "line": 1, "column": 382 }
        },
        "line": 1
      }
    },
    "f": { "0": 0 }
  },
  "C:\\Users\\Localuser\\Desktop\\Discordbot\\discord-privacy-util\\src-tauri\\target\\debug\\build\\src-tauri-de7e231e62b91b15\\out\\__global-api-script.js": {
    "path": "C:\\Users\\Localuser\\Desktop\\Discordbot\\discord-privacy-util\\src-tauri\\target\\debug\\build\\src-tauri-de7e231e62b91b15\\out\\__global-api-script.js",
    "all": true,
    "statementMap": {
      "0": {
        "start": { "line": 1, "column": 0 },
        "end": { "line": 1, "column": 382 }
      }
    },
    "s": { "0": 0 },
    "branchMap": {
      "0": {
        "type": "branch",
        "line": 1,
        "loc": {
          "start": { "line": 1, "column": 0 },
          "end": { "line": 1, "column": 382 }
        },
        "locations": [
          {
            "start": { "line": 1, "column": 0 },
            "end": { "line": 1, "column": 382 }
          }
        ]
      }
    },
    "b": { "0": [0] },
    "fnMap": {
      "0": {
        "name": "(empty-report)",
        "decl": {
          "start": { "line": 1, "column": 0 },
          "end": { "line": 1, "column": 382 }
        },
        "loc": {
          "start": { "line": 1, "column": 0 },
          "end": { "line": 1, "column": 382 }
        },
        "line": 1
      }
    },
    "f": { "0": 0 }
  },
  "C:\\Users\\Localuser\\Desktop\\Discordbot\\discord-privacy-util\\src-tauri\\target\\debug\\build\\src-tauri-e8f2cd0ef07adfc8\\out\\__global-api-script.js": {
    "path": "C:\\Users\\Localuser\\Desktop\\Discordbot\\discord-privacy-util\\src-tauri\\target\\debug\\build\\src-tauri-e8f2cd0ef07adfc8\\out\\__global-api-script.js",
    "all": true,
    "statementMap": {
      "0": {
        "start": { "line": 1, "column": 0 },
        "end": { "line": 1, "column": 382 }
      }
    },
    "s": { "0": 0 },
    "branchMap": {
      "0": {
        "type": "branch",
        "line": 1,
        "loc": {
          "start": { "line": 1, "column": 0 },
          "end": { "line": 1, "column": 382 }
        },
        "locations": [
          {
            "start": { "line": 1, "column": 0 },
            "end": { "line": 1, "column": 382 }
          }
        ]
      }
    },
    "b": { "0": [0] },
    "fnMap": {
      "0": {
        "name": "(empty-report)",
        "decl": {
          "start": { "line": 1, "column": 0 },
          "end": { "line": 1, "column": 382 }
        },
        "loc": {
          "start": { "line": 1, "column": 0 },
          "end": { "line": 1, "column": 382 }
        },
        "line": 1
      }
    },
    "f": { "0": 0 }
  },
  "C:\\Users\\Localuser\\Desktop\\Discordbot\\discord-privacy-util\\src-tauri\\target\\debug\\build\\src-tauri-ec3f85d5888e95f1\\out\\__global-api-script.js": {
    "path": "C:\\Users\\Localuser\\Desktop\\Discordbot\\discord-privacy-util\\src-tauri\\target\\debug\\build\\src-tauri-ec3f85d5888e95f1\\out\\__global-api-script.js",
    "all": true,
    "statementMap": {
      "0": {
        "start": { "line": 1, "column": 0 },
        "end": { "line": 1, "column": 382 }
      }
    },
    "s": { "0": 0 },
    "branchMap": {
      "0": {
        "type": "branch",
        "line": 1,
        "loc": {
          "start": { "line": 1, "column": 0 },
          "end": { "line": 1, "column": 382 }
        },
        "locations": [
          {
            "start": { "line": 1, "column": 0 },
            "end": { "line": 1, "column": 382 }
          }
        ]
      }
    },
    "b": { "0": [0] },
    "fnMap": {
      "0": {
        "name": "(empty-report)",
        "decl": {
          "start": { "line": 1, "column": 0 },
          "end": { "line": 1, "column": 382 }
        },
        "loc": {
          "start": { "line": 1, "column": 0 },
          "end": { "line": 1, "column": 382 }
        },
        "line": 1
      }
    },
    "f": { "0": 0 }
  },
  "C:\\Users\\Localuser\\Desktop\\Discordbot\\discord-privacy-util\\src-tauri\\target\\debug\\build\\src-tauri-ef7d72e5ce2615fc\\out\\__global-api-script.js": {
    "path": "C:\\Users\\Localuser\\Desktop\\Discordbot\\discord-privacy-util\\src-tauri\\target\\debug\\build\\src-tauri-ef7d72e5ce2615fc\\out\\__global-api-script.js",
    "all": true,
    "statementMap": {
      "0": {
        "start": { "line": 1, "column": 0 },
        "end": { "line": 1, "column": 382 }
      }
    },
    "s": { "0": 0 },
    "branchMap": {
      "0": {
        "type": "branch",
        "line": 1,
        "loc": {
          "start": { "line": 1, "column": 0 },
          "end": { "line": 1, "column": 382 }
        },
        "locations": [
          {
            "start": { "line": 1, "column": 0 },
            "end": { "line": 1, "column": 382 }
          }
        ]
      }
    },
    "b": { "0": [0] },
    "fnMap": {
      "0": {
        "name": "(empty-report)",
        "decl": {
          "start": { "line": 1, "column": 0 },
          "end": { "line": 1, "column": 382 }
        },
        "loc": {
          "start": { "line": 1, "column": 0 },
          "end": { "line": 1, "column": 382 }
        },
        "line": 1
      }
    },
    "f": { "0": 0 }
  },
  "C:\\Users\\Localuser\\Desktop\\Discordbot\\discord-privacy-util\\src-tauri\\target\\debug\\build\\src-tauri-f8898161c765cc3d\\out\\__global-api-script.js": {
    "path": "C:\\Users\\Localuser\\Desktop\\Discordbot\\discord-privacy-util\\src-tauri\\target\\debug\\build\\src-tauri-f8898161c765cc3d\\out\\__global-api-script.js",
    "all": true,
    "statementMap": {
      "0": {
        "start": { "line": 1, "column": 0 },
        "end": { "line": 1, "column": 382 }
      }
    },
    "s": { "0": 0 },
    "branchMap": {
      "0": {
        "type": "branch",
        "line": 1,
        "loc": {
          "start": { "line": 1, "column": 0 },
          "end": { "line": 1, "column": 382 }
        },
        "locations": [
          {
            "start": { "line": 1, "column": 0 },
            "end": { "line": 1, "column": 382 }
          }
        ]
      }
    },
    "b": { "0": [0] },
    "fnMap": {
      "0": {
        "name": "(empty-report)",
        "decl": {
          "start": { "line": 1, "column": 0 },
          "end": { "line": 1, "column": 382 }
        },
        "loc": {
          "start": { "line": 1, "column": 0 },
          "end": { "line": 1, "column": 382 }
        },
        "line": 1
      }
    },
    "f": { "0": 0 }
  },
  "C:\\Users\\Localuser\\Desktop\\Discordbot\\discord-privacy-util\\src-tauri\\target\\release\\build\\src-tauri-ea57639294fcc27d\\out\\__global-api-script.js": {
    "path": "C:\\Users\\Localuser\\Desktop\\Discordbot\\discord-privacy-util\\src-tauri\\target\\release\\build\\src-tauri-ea57639294fcc27d\\out\\__global-api-script.js",
    "all": true,
    "statementMap": {
      "0": {
        "start": { "line": 1, "column": 0 },
        "end": { "line": 1, "column": 382 }
      }
    },
    "s": { "0": 0 },
    "branchMap": {
      "0": {
        "type": "branch",
        "line": 1,
        "loc": {
          "start": { "line": 1, "column": 0 },
          "end": { "line": 1, "column": 382 }
        },
        "locations": [
          {
            "start": { "line": 1, "column": 0 },
            "end": { "line": 1, "column": 382 }
          }
        ]
      }
    },
    "b": { "0": [0] },
    "fnMap": {
      "0": {
        "name": "(empty-report)",
        "decl": {
          "start": { "line": 1, "column": 0 },
          "end": { "line": 1, "column": 382 }
        },
        "loc": {
          "start": { "line": 1, "column": 0 },
          "end": { "line": 1, "column": 382 }
        },
        "line": 1
      }
    },
    "f": { "0": 0 }
  },
  "C:\\Users\\Localuser\\Desktop\\Discordbot\\discord-privacy-util\\src-tauri\\target\\release\\build\\src-tauri-ea57639294fcc27d\\out\\tauri-codegen-assets\\d4a02827359947c4ef694dd6fb419be2122fc24c3f45aa2ac46a99ace2125cff.js": {
    "path": "C:\\Users\\Localuser\\Desktop\\Discordbot\\discord-privacy-util\\src-tauri\\target\\release\\build\\src-tauri-ea57639294fcc27d\\out\\tauri-codegen-assets\\d4a02827359947c4ef694dd6fb419be2122fc24c3f45aa2ac46a99ace2125cff.js",
    "all": true,
    "statementMap": {
      "0": {
        "start": { "line": 1, "column": 0 },
        "end": { "line": 1, "column": 279 }
      },
      "1": {
        "start": { "line": 2, "column": 0 },
        "end": { "line": 2, "column": 61 }
      },
      "2": {
        "start": { "line": 3, "column": 0 },
        "end": { "line": 3, "column": 447 }
      },
      "3": {
        "start": { "line": 4, "column": 0 },
        "end": { "line": 4, "column": 545 }
      },
      "4": {
        "start": { "line": 5, "column": 0 },
        "end": { "line": 5, "column": 1227 }
      },
      "5": {
        "start": { "line": 6, "column": 0 },
        "end": { "line": 6, "column": 77 }
      },
      "6": {
        "start": { "line": 7, "column": 0 },
        "end": { "line": 7, "column": 19 }
      },
      "7": {
        "start": { "line": 8, "column": 0 },
        "end": { "line": 8, "column": 105 }
      },
      "8": {
        "start": { "line": 9, "column": 0 },
        "end": { "line": 9, "column": 5 }
      },
      "9": {
        "start": { "line": 10, "column": 0 },
        "end": { "line": 10, "column": 522 }
      },
      "10": {
        "start": { "line": 11, "column": 0 },
        "end": { "line": 11, "column": 2 }
      },
      "11": {
        "start": { "line": 12, "column": 0 },
        "end": { "line": 12, "column": 11 }
      },
      "12": {
        "start": { "line": 13, "column": 0 },
        "end": { "line": 13, "column": 165 }
      },
      "13": {
        "start": { "line": 14, "column": 0 },
        "end": { "line": 14, "column": 175 }
      },
      "14": {
        "start": { "line": 15, "column": 0 },
        "end": { "line": 15, "column": 265 }
      },
      "15": {
        "start": { "line": 16, "column": 0 },
        "end": { "line": 16, "column": 283 }
      },
      "16": {
        "start": { "line": 17, "column": 0 },
        "end": { "line": 17, "column": 102 }
      },
      "17": {
        "start": { "line": 18, "column": 0 },
        "end": { "line": 18, "column": 90 }
      },
      "18": {
        "start": { "line": 19, "column": 0 },
        "end": { "line": 19, "column": 81 }
      },
      "19": {
        "start": { "line": 20, "column": 0 },
        "end": { "line": 20, "column": 78 }
      },
      "20": {
        "start": { "line": 21, "column": 0 },
        "end": { "line": 21, "column": 850 }
      },
      "21": {
        "start": { "line": 22, "column": 0 },
        "end": { "line": 22, "column": 26 }
      },
      "22": {
        "start": { "line": 23, "column": 0 },
        "end": { "line": 23, "column": 2 }
      },
      "23": {
        "start": { "line": 24, "column": 0 },
        "end": { "line": 24, "column": 1241 }
      },
      "24": {
        "start": { "line": 25, "column": 0 },
        "end": { "line": 25, "column": 64 }
      },
      "25": {
        "start": { "line": 26, "column": 0 },
        "end": { "line": 26, "column": 285 }
      },
      "26": {
        "start": { "line": 27, "column": 0 },
        "end": { "line": 27, "column": 204 }
      },
      "27": {
        "start": { "line": 28, "column": 0 },
        "end": { "line": 28, "column": 306 }
      },
      "28": {
        "start": { "line": 29, "column": 0 },
        "end": { "line": 29, "column": 169 }
      },
      "29": {
        "start": { "line": 30, "column": 0 },
        "end": { "line": 30, "column": 22 }
      },
      "30": {
        "start": { "line": 31, "column": 0 },
        "end": { "line": 31, "column": 36 }
      },
      "31": {
        "start": { "line": 32, "column": 0 },
        "end": { "line": 32, "column": 34 }
      },
      "32": {
        "start": { "line": 33, "column": 0 },
        "end": { "line": 33, "column": 116 }
      },
      "33": {
        "start": { "line": 34, "column": 0 },
        "end": { "line": 34, "column": 258 }
      },
      "34": {
        "start": { "line": 35, "column": 0 },
        "end": { "line": 35, "column": 37 }
      },
      "35": {
        "start": { "line": 36, "column": 0 },
        "end": { "line": 36, "column": 2 }
      },
      "36": {
        "start": { "line": 37, "column": 0 },
        "end": { "line": 37, "column": 504 }
      },
      "37": {
        "start": { "line": 38, "column": 0 },
        "end": { "line": 38, "column": 341 }
      },
      "38": {
        "start": { "line": 39, "column": 0 },
        "end": { "line": 39, "column": 231 }
      },
      "39": {
        "start": { "line": 40, "column": 0 },
        "end": { "line": 40, "column": 441 }
      },
      "40": {
        "start": { "line": 41, "column": 0 },
        "end": { "line": 41, "column": 109 }
      },
      "41": {
        "start": { "line": 42, "column": 0 },
        "end": { "line": 42, "column": 32 }
      },
      "42": {
        "start": { "line": 43, "column": 0 },
        "end": { "line": 43, "column": 41 }
      },
      "43": {
        "start": { "line": 44, "column": 0 },
        "end": { "line": 44, "column": 24 }
      },
      "44": {
        "start": { "line": 45, "column": 0 },
        "end": { "line": 45, "column": 265 }
      },
      "45": {
        "start": { "line": 46, "column": 0 },
        "end": { "line": 46, "column": 157 }
      },
      "46": {
        "start": { "line": 47, "column": 0 },
        "end": { "line": 47, "column": 1220 }
      },
      "47": {
        "start": { "line": 48, "column": 0 },
        "end": { "line": 48, "column": 90 }
      },
      "48": {
        "start": { "line": 49, "column": 0 },
        "end": { "line": 49, "column": 17 }
      },
      "49": {
        "start": { "line": 50, "column": 0 },
        "end": { "line": 50, "column": 174 }
      },
      "50": {
        "start": { "line": 51, "column": 0 },
        "end": { "line": 51, "column": 55 }
      },
      "51": {
        "start": { "line": 52, "column": 0 },
        "end": { "line": 52, "column": 91 }
      },
      "52": {
        "start": { "line": 53, "column": 0 },
        "end": { "line": 53, "column": 112 }
      },
      "53": {
        "start": { "line": 54, "column": 0 },
        "end": { "line": 54, "column": 31 }
      },
      "54": {
        "start": { "line": 55, "column": 0 },
        "end": { "line": 55, "column": 251 }
      },
      "55": {
        "start": { "line": 56, "column": 0 },
        "end": { "line": 56, "column": 806 }
      },
      "56": {
        "start": { "line": 57, "column": 0 },
        "end": { "line": 57, "column": 18 }
      },
      "57": {
        "start": { "line": 58, "column": 0 },
        "end": { "line": 58, "column": 11 }
      },
      "58": {
        "start": { "line": 59, "column": 0 },
        "end": { "line": 59, "column": 315 }
      },
      "59": {
        "start": { "line": 60, "column": 0 },
        "end": { "line": 60, "column": 64 }
      },
      "60": {
        "start": { "line": 61, "column": 0 },
        "end": { "line": 61, "column": 167 }
      },
      "61": {
        "start": { "line": 62, "column": 0 },
        "end": { "line": 62, "column": 559 }
      },
      "62": {
        "start": { "line": 63, "column": 0 },
        "end": { "line": 63, "column": 204 }
      },
      "63": {
        "start": { "line": 64, "column": 0 },
        "end": { "line": 64, "column": 181 }
      },
      "64": {
        "start": { "line": 65, "column": 0 },
        "end": { "line": 65, "column": 153 }
      },
      "65": {
        "start": { "line": 66, "column": 0 },
        "end": { "line": 66, "column": 53 }
      },
      "66": {
        "start": { "line": 67, "column": 0 },
        "end": { "line": 67, "column": 66 }
      },
      "67": {
        "start": { "line": 68, "column": 0 },
        "end": { "line": 68, "column": 10 }
      },
      "68": {
        "start": { "line": 69, "column": 0 },
        "end": { "line": 69, "column": 183 }
      },
      "69": {
        "start": { "line": 70, "column": 0 },
        "end": { "line": 70, "column": 10 }
      },
      "70": {
        "start": { "line": 71, "column": 0 },
        "end": { "line": 71, "column": 21 }
      },
      "71": {
        "start": { "line": 72, "column": 0 },
        "end": { "line": 72, "column": 14 }
      },
      "72": {
        "start": { "line": 73, "column": 0 },
        "end": { "line": 73, "column": 85 }
      },
      "73": {
        "start": { "line": 74, "column": 0 },
        "end": { "line": 74, "column": 341 }
      },
      "74": {
        "start": { "line": 75, "column": 0 },
        "end": { "line": 75, "column": 11 }
      },
      "75": {
        "start": { "line": 76, "column": 0 },
        "end": { "line": 76, "column": 108 }
      },
      "76": {
        "start": { "line": 77, "column": 0 },
        "end": { "line": 77, "column": 984 }
      },
      "77": {
        "start": { "line": 78, "column": 0 },
        "end": { "line": 78, "column": 703 }
      },
      "78": {
        "start": { "line": 79, "column": 0 },
        "end": { "line": 79, "column": 211 }
      },
      "79": {
        "start": { "line": 80, "column": 0 },
        "end": { "line": 80, "column": 901 }
      },
      "80": {
        "start": { "line": 81, "column": 0 },
        "end": { "line": 81, "column": 157 }
      },
      "81": {
        "start": { "line": 82, "column": 0 },
        "end": { "line": 82, "column": 176 }
      },
      "82": {
        "start": { "line": 83, "column": 0 },
        "end": { "line": 83, "column": 103 }
      },
      "83": {
        "start": { "line": 84, "column": 0 },
        "end": { "line": 84, "column": 307 }
      },
      "84": {
        "start": { "line": 85, "column": 0 },
        "end": { "line": 85, "column": 61 }
      },
      "85": {
        "start": { "line": 86, "column": 0 },
        "end": { "line": 86, "column": 1 }
      },
      "86": {
        "start": { "line": 87, "column": 0 },
        "end": { "line": 87, "column": 418 }
      },
      "87": {
        "start": { "line": 88, "column": 0 },
        "end": { "line": 88, "column": 111 }
      },
      "88": {
        "start": { "line": 89, "column": 0 },
        "end": { "line": 89, "column": 151 }
      },
      "89": {
        "start": { "line": 90, "column": 0 },
        "end": { "line": 90, "column": 167 }
      },
      "90": {
        "start": { "line": 91, "column": 0 },
        "end": { "line": 91, "column": 151 }
      },
      "91": {
        "start": { "line": 92, "column": 0 },
        "end": { "line": 92, "column": 551 }
      },
      "92": {
        "start": { "line": 93, "column": 0 },
        "end": { "line": 93, "column": 183 }
      },
      "93": {
        "start": { "line": 94, "column": 0 },
        "end": { "line": 94, "column": 93 }
      },
      "94": {
        "start": { "line": 95, "column": 0 },
        "end": { "line": 95, "column": 169 }
      },
      "95": {
        "start": { "line": 96, "column": 0 },
        "end": { "line": 96, "column": 72 }
      },
      "96": {
        "start": { "line": 97, "column": 0 },
        "end": { "line": 97, "column": 109 }
      },
      "97": {
        "start": { "line": 98, "column": 0 },
        "end": { "line": 98, "column": 107 }
      },
      "98": {
        "start": { "line": 99, "column": 0 },
        "end": { "line": 99, "column": 53 }
      },
      "99": {
        "start": { "line": 100, "column": 0 },
        "end": { "line": 100, "column": 410 }
      },
      "100": {
        "start": { "line": 101, "column": 0 },
        "end": { "line": 101, "column": 186 }
      },
      "101": {
        "start": { "line": 102, "column": 0 },
        "end": { "line": 102, "column": 209 }
      },
      "102": {
        "start": { "line": 103, "column": 0 },
        "end": { "line": 103, "column": 1 }
      },
      "103": {
        "start": { "line": 104, "column": 0 },
        "end": { "line": 104, "column": 619 }
      },
      "104": {
        "start": { "line": 105, "column": 0 },
        "end": { "line": 105, "column": 449 }
      },
      "105": {
        "start": { "line": 106, "column": 0 },
        "end": { "line": 106, "column": 124 }
      },
      "106": {
        "start": { "line": 107, "column": 0 },
        "end": { "line": 107, "column": 9 }
      },
      "107": {
        "start": { "line": 108, "column": 0 },
        "end": { "line": 108, "column": 149 }
      },
      "108": {
        "start": { "line": 109, "column": 0 },
        "end": { "line": 109, "column": 12 }
      },
      "109": {
        "start": { "line": 110, "column": 0 },
        "end": { "line": 110, "column": 73 }
      },
      "110": {
        "start": { "line": 111, "column": 0 },
        "end": { "line": 111, "column": 268 }
      },
      "111": {
        "start": { "line": 112, "column": 0 },
        "end": { "line": 112, "column": 214 }
      },
      "112": {
        "start": { "line": 113, "column": 0 },
        "end": { "line": 113, "column": 220 }
      },
      "113": {
        "start": { "line": 114, "column": 0 },
        "end": { "line": 114, "column": 27 }
      },
      "114": {
        "start": { "line": 115, "column": 0 },
        "end": { "line": 115, "column": 179 }
      },
      "115": {
        "start": { "line": 116, "column": 0 },
        "end": { "line": 116, "column": 197 }
      },
      "116": {
        "start": { "line": 117, "column": 0 },
        "end": { "line": 117, "column": 3 }
      },
      "117": {
        "start": { "line": 118, "column": 0 },
        "end": { "line": 118, "column": 570 }
      },
      "118": {
        "start": { "line": 119, "column": 0 },
        "end": { "line": 119, "column": 43 }
      },
      "119": {
        "start": { "line": 120, "column": 0 },
        "end": { "line": 120, "column": 25 }
      },
      "120": {
        "start": { "line": 121, "column": 0 },
        "end": { "line": 121, "column": 16 }
      },
      "121": {
        "start": { "line": 122, "column": 0 },
        "end": { "line": 122, "column": 151 }
      },
      "122": {
        "start": { "line": 123, "column": 0 },
        "end": { "line": 123, "column": 43 }
      },
      "123": {
        "start": { "line": 124, "column": 0 },
        "end": { "line": 124, "column": 4 }
      },
      "124": {
        "start": { "line": 125, "column": 0 },
        "end": { "line": 125, "column": 574 }
      },
      "125": {
        "start": { "line": 126, "column": 0 },
        "end": { "line": 126, "column": 727 }
      },
      "126": {
        "start": { "line": 127, "column": 0 },
        "end": { "line": 127, "column": 135 }
      },
      "127": {
        "start": { "line": 128, "column": 0 },
        "end": { "line": 128, "column": 248 }
      },
      "128": {
        "start": { "line": 129, "column": 0 },
        "end": { "line": 129, "column": 120 }
      },
      "129": {
        "start": { "line": 130, "column": 0 },
        "end": { "line": 130, "column": 2 }
      },
      "130": {
        "start": { "line": 131, "column": 0 },
        "end": { "line": 131, "column": 5 }
      },
      "131": {
        "start": { "line": 132, "column": 0 },
        "end": { "line": 132, "column": 50 }
      },
      "132": {
        "start": { "line": 133, "column": 0 },
        "end": { "line": 133, "column": 478 }
      },
      "133": {
        "start": { "line": 134, "column": 0 },
        "end": { "line": 134, "column": 325 }
      },
      "134": {
        "start": { "line": 135, "column": 0 },
        "end": { "line": 135, "column": 183 }
      },
      "135": {
        "start": { "line": 136, "column": 0 },
        "end": { "line": 136, "column": 264 }
      },
      "136": {
        "start": { "line": 137, "column": 0 },
        "end": { "line": 137, "column": 160 }
      },
      "137": {
        "start": { "line": 138, "column": 0 },
        "end": { "line": 138, "column": 122 }
      },
      "138": {
        "start": { "line": 139, "column": 0 },
        "end": { "line": 139, "column": 612 }
      },
      "139": {
        "start": { "line": 140, "column": 0 },
        "end": { "line": 140, "column": 468 }
      },
      "140": {
        "start": { "line": 141, "column": 0 },
        "end": { "line": 141, "column": 118 }
      },
      "141": {
        "start": { "line": 142, "column": 0 },
        "end": { "line": 142, "column": 177 }
      },
      "142": {
        "start": { "line": 143, "column": 0 },
        "end": { "line": 143, "column": 33 }
      },
      "143": {
        "start": { "line": 144, "column": 0 },
        "end": { "line": 144, "column": 186 }
      },
      "144": {
        "start": { "line": 145, "column": 0 },
        "end": { "line": 145, "column": 13 }
      },
      "145": {
        "start": { "line": 146, "column": 0 },
        "end": { "line": 146, "column": 63 }
      },
      "146": {
        "start": { "line": 147, "column": 0 },
        "end": { "line": 147, "column": 957 }
      },
      "147": {
        "start": { "line": 148, "column": 0 },
        "end": { "line": 148, "column": 568 }
      },
      "148": {
        "start": { "line": 149, "column": 0 },
        "end": { "line": 149, "column": 38 }
      },
      "149": {
        "start": { "line": 150, "column": 0 },
        "end": { "line": 150, "column": 170 }
      },
      "150": {
        "start": { "line": 151, "column": 0 },
        "end": { "line": 151, "column": 0 }
      },
      "151": {
        "start": { "line": 152, "column": 0 },
        "end": { "line": 152, "column": 57 }
      },
      "152": {
        "start": { "line": 153, "column": 0 },
        "end": { "line": 153, "column": 291 }
      },
      "153": {
        "start": { "line": 154, "column": 0 },
        "end": { "line": 154, "column": 85 }
      },
      "154": {
        "start": { "line": 155, "column": 0 },
        "end": { "line": 155, "column": 47 }
      },
      "155": {
        "start": { "line": 156, "column": 0 },
        "end": { "line": 156, "column": 370 }
      },
      "156": {
        "start": { "line": 157, "column": 0 },
        "end": { "line": 157, "column": 73 }
      },
      "157": {
        "start": { "line": 158, "column": 0 },
        "end": { "line": 158, "column": 73 }
      },
      "158": {
        "start": { "line": 159, "column": 0 },
        "end": { "line": 159, "column": 72 }
      },
      "159": {
        "start": { "line": 160, "column": 0 },
        "end": { "line": 160, "column": 312 }
      },
      "160": {
        "start": { "line": 161, "column": 0 },
        "end": { "line": 161, "column": 256 }
      },
      "161": {
        "start": { "line": 162, "column": 0 },
        "end": { "line": 162, "column": 620 }
      },
      "162": {
        "start": { "line": 163, "column": 0 },
        "end": { "line": 163, "column": 278 }
      },
      "163": {
        "start": { "line": 164, "column": 0 },
        "end": { "line": 164, "column": 91 }
      },
      "164": {
        "start": { "line": 165, "column": 0 },
        "end": { "line": 165, "column": 19 }
      },
      "165": {
        "start": { "line": 166, "column": 0 },
        "end": { "line": 166, "column": 647 }
      },
      "166": {
        "start": { "line": 167, "column": 0 },
        "end": { "line": 167, "column": 335 }
      },
      "167": {
        "start": { "line": 168, "column": 0 },
        "end": { "line": 168, "column": 159 }
      },
      "168": {
        "start": { "line": 169, "column": 0 },
        "end": { "line": 169, "column": 1 }
      },
      "169": {
        "start": { "line": 170, "column": 0 },
        "end": { "line": 170, "column": 58 }
      },
      "170": {
        "start": { "line": 171, "column": 0 },
        "end": { "line": 171, "column": 84 }
      },
      "171": {
        "start": { "line": 172, "column": 0 },
        "end": { "line": 172, "column": 293 }
      },
      "172": {
        "start": { "line": 173, "column": 0 },
        "end": { "line": 173, "column": 25 }
      },
      "173": {
        "start": { "line": 174, "column": 0 },
        "end": { "line": 174, "column": 20 }
      },
      "174": {
        "start": { "line": 175, "column": 0 },
        "end": { "line": 175, "column": 542 }
      },
      "175": {
        "start": { "line": 176, "column": 0 },
        "end": { "line": 176, "column": 286 }
      },
      "176": {
        "start": { "line": 177, "column": 0 },
        "end": { "line": 177, "column": 166 }
      },
      "177": {
        "start": { "line": 178, "column": 0 },
        "end": { "line": 178, "column": 268 }
      },
      "178": {
        "start": { "line": 179, "column": 0 },
        "end": { "line": 179, "column": 114 }
      },
      "179": {
        "start": { "line": 180, "column": 0 },
        "end": { "line": 180, "column": 316 }
      },
      "180": {
        "start": { "line": 181, "column": 0 },
        "end": { "line": 181, "column": 171 }
      },
      "181": {
        "start": { "line": 182, "column": 0 },
        "end": { "line": 182, "column": 171 }
      },
      "182": {
        "start": { "line": 183, "column": 0 },
        "end": { "line": 183, "column": 8 }
      },
      "183": {
        "start": { "line": 184, "column": 0 },
        "end": { "line": 184, "column": 1803 }
      },
      "184": {
        "start": { "line": 185, "column": 0 },
        "end": { "line": 185, "column": 432 }
      },
      "185": {
        "start": { "line": 186, "column": 0 },
        "end": { "line": 186, "column": 54 }
      },
      "186": {
        "start": { "line": 187, "column": 0 },
        "end": { "line": 187, "column": 514 }
      },
      "187": {
        "start": { "line": 188, "column": 0 },
        "end": { "line": 188, "column": 48 }
      },
      "188": {
        "start": { "line": 189, "column": 0 },
        "end": { "line": 189, "column": 474 }
      },
      "189": {
        "start": { "line": 190, "column": 0 },
        "end": { "line": 190, "column": 310 }
      },
      "190": {
        "start": { "line": 191, "column": 0 },
        "end": { "line": 191, "column": 146 }
      },
      "191": {
        "start": { "line": 192, "column": 0 },
        "end": { "line": 192, "column": 18 }
      },
      "192": {
        "start": { "line": 193, "column": 0 },
        "end": { "line": 193, "column": 181 }
      },
      "193": {
        "start": { "line": 194, "column": 0 },
        "end": { "line": 194, "column": 512 }
      },
      "194": {
        "start": { "line": 195, "column": 0 },
        "end": { "line": 195, "column": 144 }
      },
      "195": {
        "start": { "line": 196, "column": 0 },
        "end": { "line": 196, "column": 531 }
      },
      "196": {
        "start": { "line": 197, "column": 0 },
        "end": { "line": 197, "column": 18 }
      },
      "197": {
        "start": { "line": 198, "column": 0 },
        "end": { "line": 198, "column": 733 }
      },
      "198": {
        "start": { "line": 199, "column": 0 },
        "end": { "line": 199, "column": 203 }
      },
      "199": {
        "start": { "line": 200, "column": 0 },
        "end": { "line": 200, "column": 63 }
      },
      "200": {
        "start": { "line": 201, "column": 0 },
        "end": { "line": 201, "column": 2 }
      },
      "201": {
        "start": { "line": 202, "column": 0 },
        "end": { "line": 202, "column": 160 }
      },
      "202": {
        "start": { "line": 203, "column": 0 },
        "end": { "line": 203, "column": 178 }
      },
      "203": {
        "start": { "line": 204, "column": 0 },
        "end": { "line": 204, "column": 88 }
      },
      "204": {
        "start": { "line": 205, "column": 0 },
        "end": { "line": 205, "column": 131 }
      },
      "205": {
        "start": { "line": 206, "column": 0 },
        "end": { "line": 206, "column": 30 }
      },
      "206": {
        "start": { "line": 207, "column": 0 },
        "end": { "line": 207, "column": 14 }
      },
      "207": {
        "start": { "line": 208, "column": 0 },
        "end": { "line": 208, "column": 295 }
      },
      "208": {
        "start": { "line": 209, "column": 0 },
        "end": { "line": 209, "column": 976 }
      },
      "209": {
        "start": { "line": 210, "column": 0 },
        "end": { "line": 210, "column": 214 }
      },
      "210": {
        "start": { "line": 211, "column": 0 },
        "end": { "line": 211, "column": 90 }
      },
      "211": {
        "start": { "line": 212, "column": 0 },
        "end": { "line": 212, "column": 72 }
      },
      "212": {
        "start": { "line": 213, "column": 0 },
        "end": { "line": 213, "column": 132 }
      },
      "213": {
        "start": { "line": 214, "column": 0 },
        "end": { "line": 214, "column": 183 }
      },
      "214": {
        "start": { "line": 215, "column": 0 },
        "end": { "line": 215, "column": 41 }
      },
      "215": {
        "start": { "line": 216, "column": 0 },
        "end": { "line": 216, "column": 36 }
      },
      "216": {
        "start": { "line": 217, "column": 0 },
        "end": { "line": 217, "column": 101 }
      },
      "217": {
        "start": { "line": 218, "column": 0 },
        "end": { "line": 218, "column": 42 }
      },
      "218": {
        "start": { "line": 219, "column": 0 },
        "end": { "line": 219, "column": 10 }
      },
      "219": {
        "start": { "line": 220, "column": 0 },
        "end": { "line": 220, "column": 413 }
      },
      "220": {
        "start": { "line": 221, "column": 0 },
        "end": { "line": 221, "column": 135 }
      },
      "221": {
        "start": { "line": 222, "column": 0 },
        "end": { "line": 222, "column": 33 }
      },
      "222": {
        "start": { "line": 223, "column": 0 },
        "end": { "line": 223, "column": 58 }
      },
      "223": {
        "start": { "line": 224, "column": 0 },
        "end": { "line": 224, "column": 113 }
      },
      "224": {
        "start": { "line": 225, "column": 0 },
        "end": { "line": 225, "column": 37 }
      },
      "225": {
        "start": { "line": 226, "column": 0 },
        "end": { "line": 226, "column": 345 }
      },
      "226": {
        "start": { "line": 227, "column": 0 },
        "end": { "line": 227, "column": 117 }
      },
      "227": {
        "start": { "line": 228, "column": 0 },
        "end": { "line": 228, "column": 593 }
      },
      "228": {
        "start": { "line": 229, "column": 0 },
        "end": { "line": 229, "column": 168 }
      },
      "229": {
        "start": { "line": 230, "column": 0 },
        "end": { "line": 230, "column": 79 }
      },
      "230": {
        "start": { "line": 231, "column": 0 },
        "end": { "line": 231, "column": 214 }
      },
      "231": {
        "start": { "line": 232, "column": 0 },
        "end": { "line": 232, "column": 729 }
      },
      "232": {
        "start": { "line": 233, "column": 0 },
        "end": { "line": 233, "column": 854 }
      },
      "233": {
        "start": { "line": 234, "column": 0 },
        "end": { "line": 234, "column": 71 }
      },
      "234": {
        "start": { "line": 235, "column": 0 },
        "end": { "line": 235, "column": 427 }
      },
      "235": {
        "start": { "line": 236, "column": 0 },
        "end": { "line": 236, "column": 181 }
      },
      "236": {
        "start": { "line": 237, "column": 0 },
        "end": { "line": 237, "column": 100 }
      },
      "237": {
        "start": { "line": 238, "column": 0 },
        "end": { "line": 238, "column": 130 }
      },
      "238": {
        "start": { "line": 239, "column": 0 },
        "end": { "line": 239, "column": 158 }
      },
      "239": {
        "start": { "line": 240, "column": 0 },
        "end": { "line": 240, "column": 47 }
      },
      "240": {
        "start": { "line": 241, "column": 0 },
        "end": { "line": 241, "column": 43 }
      },
      "241": {
        "start": { "line": 242, "column": 0 },
        "end": { "line": 242, "column": 17 }
      },
      "242": {
        "start": { "line": 243, "column": 0 },
        "end": { "line": 243, "column": 625 }
      },
      "243": {
        "start": { "line": 244, "column": 0 },
        "end": { "line": 244, "column": 155 }
      },
      "244": {
        "start": { "line": 245, "column": 0 },
        "end": { "line": 245, "column": 688 }
      },
      "245": {
        "start": { "line": 246, "column": 0 },
        "end": { "line": 246, "column": 51 }
      },
      "246": {
        "start": { "line": 247, "column": 0 },
        "end": { "line": 247, "column": 327 }
      },
      "247": {
        "start": { "line": 248, "column": 0 },
        "end": { "line": 248, "column": 68 }
      },
      "248": {
        "start": { "line": 249, "column": 0 },
        "end": { "line": 249, "column": 335 }
      },
      "249": {
        "start": { "line": 250, "column": 0 },
        "end": { "line": 250, "column": 100 }
      },
      "250": {
        "start": { "line": 251, "column": 0 },
        "end": { "line": 251, "column": 168 }
      },
      "251": {
        "start": { "line": 252, "column": 0 },
        "end": { "line": 252, "column": 132 }
      },
      "252": {
        "start": { "line": 253, "column": 0 },
        "end": { "line": 253, "column": 237 }
      },
      "253": {
        "start": { "line": 254, "column": 0 },
        "end": { "line": 254, "column": 194 }
      },
      "254": {
        "start": { "line": 255, "column": 0 },
        "end": { "line": 255, "column": 49 }
      },
      "255": {
        "start": { "line": 256, "column": 0 },
        "end": { "line": 256, "column": 557 }
      },
      "256": {
        "start": { "line": 257, "column": 0 },
        "end": { "line": 257, "column": 85 }
      },
      "257": {
        "start": { "line": 258, "column": 0 },
        "end": { "line": 258, "column": 108 }
      },
      "258": {
        "start": { "line": 259, "column": 0 },
        "end": { "line": 259, "column": 236 }
      },
      "259": {
        "start": { "line": 260, "column": 0 },
        "end": { "line": 260, "column": 48 }
      },
      "260": {
        "start": { "line": 261, "column": 0 },
        "end": { "line": 261, "column": 565 }
      },
      "261": {
        "start": { "line": 262, "column": 0 },
        "end": { "line": 262, "column": 361 }
      },
      "262": {
        "start": { "line": 263, "column": 0 },
        "end": { "line": 263, "column": 561 }
      },
      "263": {
        "start": { "line": 264, "column": 0 },
        "end": { "line": 264, "column": 707 }
      },
      "264": {
        "start": { "line": 265, "column": 0 },
        "end": { "line": 265, "column": 198 }
      },
      "265": {
        "start": { "line": 266, "column": 0 },
        "end": { "line": 266, "column": 211 }
      },
      "266": {
        "start": { "line": 267, "column": 0 },
        "end": { "line": 267, "column": 277 }
      },
      "267": {
        "start": { "line": 268, "column": 0 },
        "end": { "line": 268, "column": 101 }
      },
      "268": {
        "start": { "line": 269, "column": 0 },
        "end": { "line": 269, "column": 61 }
      },
      "269": {
        "start": { "line": 270, "column": 0 },
        "end": { "line": 270, "column": 365 }
      },
      "270": {
        "start": { "line": 271, "column": 0 },
        "end": { "line": 271, "column": 209 }
      },
      "271": {
        "start": { "line": 272, "column": 0 },
        "end": { "line": 272, "column": 9 }
      },
      "272": {
        "start": { "line": 273, "column": 0 },
        "end": { "line": 273, "column": 717 }
      },
      "273": {
        "start": { "line": 274, "column": 0 },
        "end": { "line": 274, "column": 160 }
      },
      "274": {
        "start": { "line": 275, "column": 0 },
        "end": { "line": 275, "column": 837 }
      },
      "275": {
        "start": { "line": 276, "column": 0 },
        "end": { "line": 276, "column": 202 }
      },
      "276": {
        "start": { "line": 277, "column": 0 },
        "end": { "line": 277, "column": 0 }
      },
      "277": {
        "start": { "line": 278, "column": 0 },
        "end": { "line": 278, "column": 192 }
      },
      "278": {
        "start": { "line": 279, "column": 0 },
        "end": { "line": 279, "column": 8 }
      },
      "279": {
        "start": { "line": 280, "column": 0 },
        "end": { "line": 280, "column": 118 }
      },
      "280": {
        "start": { "line": 281, "column": 0 },
        "end": { "line": 281, "column": 200 }
      },
      "281": {
        "start": { "line": 282, "column": 0 },
        "end": { "line": 282, "column": 181 }
      },
      "282": {
        "start": { "line": 283, "column": 0 },
        "end": { "line": 283, "column": 177 }
      },
      "283": {
        "start": { "line": 284, "column": 0 },
        "end": { "line": 284, "column": 99 }
      },
      "284": {
        "start": { "line": 285, "column": 0 },
        "end": { "line": 285, "column": 209 }
      },
      "285": {
        "start": { "line": 286, "column": 0 },
        "end": { "line": 286, "column": 180 }
      },
      "286": {
        "start": { "line": 287, "column": 0 },
        "end": { "line": 287, "column": 233 }
      },
      "287": {
        "start": { "line": 288, "column": 0 },
        "end": { "line": 288, "column": 317 }
      },
      "288": {
        "start": { "line": 289, "column": 0 },
        "end": { "line": 289, "column": 33 }
      },
      "289": {
        "start": { "line": 290, "column": 0 },
        "end": { "line": 290, "column": 64 }
      },
      "290": {
        "start": { "line": 291, "column": 0 },
        "end": { "line": 291, "column": 157 }
      },
      "291": {
        "start": { "line": 292, "column": 0 },
        "end": { "line": 292, "column": 507 }
      },
      "292": {
        "start": { "line": 293, "column": 0 },
        "end": { "line": 293, "column": 106 }
      },
      "293": {
        "start": { "line": 294, "column": 0 },
        "end": { "line": 294, "column": 415 }
      },
      "294": {
        "start": { "line": 295, "column": 0 },
        "end": { "line": 295, "column": 254 }
      },
      "295": {
        "start": { "line": 296, "column": 0 },
        "end": { "line": 296, "column": 167 }
      },
      "296": {
        "start": { "line": 297, "column": 0 },
        "end": { "line": 297, "column": 166 }
      },
      "297": {
        "start": { "line": 298, "column": 0 },
        "end": { "line": 298, "column": 163 }
      },
      "298": {
        "start": { "line": 299, "column": 0 },
        "end": { "line": 299, "column": 85 }
      },
      "299": {
        "start": { "line": 300, "column": 0 },
        "end": { "line": 300, "column": 142 }
      },
      "300": {
        "start": { "line": 301, "column": 0 },
        "end": { "line": 301, "column": 237 }
      },
      "301": {
        "start": { "line": 302, "column": 0 },
        "end": { "line": 302, "column": 31 }
      },
      "302": {
        "start": { "line": 303, "column": 0 },
        "end": { "line": 303, "column": 113 }
      },
      "303": {
        "start": { "line": 304, "column": 0 },
        "end": { "line": 304, "column": 97 }
      },
      "304": {
        "start": { "line": 305, "column": 0 },
        "end": { "line": 305, "column": 11 }
      },
      "305": {
        "start": { "line": 306, "column": 0 },
        "end": { "line": 306, "column": 48 }
      },
      "306": {
        "start": { "line": 307, "column": 0 },
        "end": { "line": 307, "column": 863 }
      },
      "307": {
        "start": { "line": 308, "column": 0 },
        "end": { "line": 308, "column": 29 }
      },
      "308": {
        "start": { "line": 309, "column": 0 },
        "end": { "line": 309, "column": 599 }
      },
      "309": {
        "start": { "line": 310, "column": 0 },
        "end": { "line": 310, "column": 153 }
      },
      "310": {
        "start": { "line": 311, "column": 0 },
        "end": { "line": 311, "column": 257 }
      },
      "311": {
        "start": { "line": 312, "column": 0 },
        "end": { "line": 312, "column": 139 }
      },
      "312": {
        "start": { "line": 313, "column": 0 },
        "end": { "line": 313, "column": 27 }
      },
      "313": {
        "start": { "line": 314, "column": 0 },
        "end": { "line": 314, "column": 5 }
      },
      "314": {
        "start": { "line": 315, "column": 0 },
        "end": { "line": 315, "column": 183 }
      },
      "315": {
        "start": { "line": 316, "column": 0 },
        "end": { "line": 316, "column": 81 }
      },
      "316": {
        "start": { "line": 317, "column": 0 },
        "end": { "line": 317, "column": 77 }
      },
      "317": {
        "start": { "line": 318, "column": 0 },
        "end": { "line": 318, "column": 3 }
      },
      "318": {
        "start": { "line": 319, "column": 0 },
        "end": { "line": 319, "column": 55 }
      },
      "319": {
        "start": { "line": 320, "column": 0 },
        "end": { "line": 320, "column": 80 }
      },
      "320": {
        "start": { "line": 321, "column": 0 },
        "end": { "line": 321, "column": 246 }
      },
      "321": {
        "start": { "line": 322, "column": 0 },
        "end": { "line": 322, "column": 77 }
      },
      "322": {
        "start": { "line": 323, "column": 0 },
        "end": { "line": 323, "column": 300 }
      },
      "323": {
        "start": { "line": 324, "column": 0 },
        "end": { "line": 324, "column": 70 }
      },
      "324": {
        "start": { "line": 325, "column": 0 },
        "end": { "line": 325, "column": 349 }
      },
      "325": {
        "start": { "line": 326, "column": 0 },
        "end": { "line": 326, "column": 8 }
      },
      "326": {
        "start": { "line": 327, "column": 0 },
        "end": { "line": 327, "column": 124 }
      },
      "327": {
        "start": { "line": 328, "column": 0 },
        "end": { "line": 328, "column": 40 }
      },
      "328": {
        "start": { "line": 329, "column": 0 },
        "end": { "line": 329, "column": 153 }
      },
      "329": {
        "start": { "line": 330, "column": 0 },
        "end": { "line": 330, "column": 186 }
      },
      "330": {
        "start": { "line": 331, "column": 0 },
        "end": { "line": 331, "column": 21 }
      },
      "331": {
        "start": { "line": 332, "column": 0 },
        "end": { "line": 332, "column": 146 }
      },
      "332": {
        "start": { "line": 333, "column": 0 },
        "end": { "line": 333, "column": 210 }
      },
      "333": {
        "start": { "line": 334, "column": 0 },
        "end": { "line": 334, "column": 6 }
      },
      "334": {
        "start": { "line": 335, "column": 0 },
        "end": { "line": 335, "column": 292 }
      },
      "335": {
        "start": { "line": 336, "column": 0 },
        "end": { "line": 336, "column": 184 }
      },
      "336": {
        "start": { "line": 337, "column": 0 },
        "end": { "line": 337, "column": 829 }
      },
      "337": {
        "start": { "line": 338, "column": 0 },
        "end": { "line": 338, "column": 354 }
      },
      "338": {
        "start": { "line": 339, "column": 0 },
        "end": { "line": 339, "column": 278 }
      },
      "339": {
        "start": { "line": 340, "column": 0 },
        "end": { "line": 340, "column": 959 }
      },
      "340": {
        "start": { "line": 341, "column": 0 },
        "end": { "line": 341, "column": 95 }
      },
      "341": {
        "start": { "line": 342, "column": 0 },
        "end": { "line": 342, "column": 490 }
      },
      "342": {
        "start": { "line": 343, "column": 0 },
        "end": { "line": 343, "column": 29 }
      },
      "343": {
        "start": { "line": 344, "column": 0 },
        "end": { "line": 344, "column": 23 }
      },
      "344": {
        "start": { "line": 345, "column": 0 },
        "end": { "line": 345, "column": 177 }
      },
      "345": {
        "start": { "line": 346, "column": 0 },
        "end": { "line": 346, "column": 98 }
      },
      "346": {
        "start": { "line": 347, "column": 0 },
        "end": { "line": 347, "column": 958 }
      },
      "347": {
        "start": { "line": 348, "column": 0 },
        "end": { "line": 348, "column": 81 }
      },
      "348": {
        "start": { "line": 349, "column": 0 },
        "end": { "line": 349, "column": 202 }
      },
      "349": {
        "start": { "line": 350, "column": 0 },
        "end": { "line": 350, "column": 149 }
      },
      "350": {
        "start": { "line": 351, "column": 0 },
        "end": { "line": 351, "column": 152 }
      },
      "351": {
        "start": { "line": 352, "column": 0 },
        "end": { "line": 352, "column": 134 }
      },
      "352": {
        "start": { "line": 353, "column": 0 },
        "end": { "line": 353, "column": 91 }
      },
      "353": {
        "start": { "line": 354, "column": 0 },
        "end": { "line": 354, "column": 175 }
      },
      "354": {
        "start": { "line": 355, "column": 0 },
        "end": { "line": 355, "column": 4 }
      },
      "355": {
        "start": { "line": 356, "column": 0 },
        "end": { "line": 356, "column": 518 }
      },
      "356": {
        "start": { "line": 357, "column": 0 },
        "end": { "line": 357, "column": 227 }
      },
      "357": {
        "start": { "line": 358, "column": 0 },
        "end": { "line": 358, "column": 202 }
      },
      "358": {
        "start": { "line": 359, "column": 0 },
        "end": { "line": 359, "column": 391 }
      },
      "359": {
        "start": { "line": 360, "column": 0 },
        "end": { "line": 360, "column": 158 }
      },
      "360": {
        "start": { "line": 361, "column": 0 },
        "end": { "line": 361, "column": 539 }
      },
      "361": {
        "start": { "line": 362, "column": 0 },
        "end": { "line": 362, "column": 33 }
      },
      "362": {
        "start": { "line": 363, "column": 0 },
        "end": { "line": 363, "column": 112 }
      },
      "363": {
        "start": { "line": 364, "column": 0 },
        "end": { "line": 364, "column": 290 }
      },
      "364": {
        "start": { "line": 365, "column": 0 },
        "end": { "line": 365, "column": 332 }
      },
      "365": {
        "start": { "line": 366, "column": 0 },
        "end": { "line": 366, "column": 219 }
      },
      "366": {
        "start": { "line": 367, "column": 0 },
        "end": { "line": 367, "column": 39 }
      },
      "367": {
        "start": { "line": 368, "column": 0 },
        "end": { "line": 368, "column": 681 }
      },
      "368": {
        "start": { "line": 369, "column": 0 },
        "end": { "line": 369, "column": 102 }
      },
      "369": {
        "start": { "line": 370, "column": 0 },
        "end": { "line": 370, "column": 11 }
      },
      "370": {
        "start": { "line": 371, "column": 0 },
        "end": { "line": 371, "column": 99 }
      },
      "371": {
        "start": { "line": 372, "column": 0 },
        "end": { "line": 372, "column": 212 }
      },
      "372": {
        "start": { "line": 373, "column": 0 },
        "end": { "line": 373, "column": 261 }
      },
      "373": {
        "start": { "line": 374, "column": 0 },
        "end": { "line": 374, "column": 119 }
      },
      "374": {
        "start": { "line": 375, "column": 0 },
        "end": { "line": 375, "column": 320 }
      },
      "375": {
[...]
        "end": { "line": 7, "column": 26 }
      },
      "7": {
        "start": { "line": 8, "column": 0 },
        "end": { "line": 8, "column": 15 }
      },
      "8": {
        "start": { "line": 9, "column": 0 },
        "end": { "line": 9, "column": 72 }
      },
      "9": {
        "start": { "line": 10, "column": 0 },
        "end": { "line": 10, "column": 14 }
      },
      "10": {
        "start": { "line": 11, "column": 0 },
        "end": { "line": 11, "column": 4 }
      },
      "11": {
        "start": { "line": 12, "column": 0 },
        "end": { "line": 12, "column": 69 }
      },
      "12": {
        "start": { "line": 13, "column": 0 },
        "end": { "line": 13, "column": 15 }
      },
      "13": {
        "start": { "line": 14, "column": 0 },
        "end": { "line": 14, "column": 15 }
      },
      "14": {
        "start": { "line": 15, "column": 0 },
        "end": { "line": 15, "column": 69 }
      },
      "15": {
        "start": { "line": 16, "column": 0 },
        "end": { "line": 16, "column": 15 }
      },
      "16": {
        "start": { "line": 17, "column": 0 },
        "end": { "line": 17, "column": 15 }
      },
      "17": {
        "start": { "line": 18, "column": 0 },
        "end": { "line": 18, "column": 76 }
      },
      "18": {
        "start": { "line": 19, "column": 0 },
        "end": { "line": 19, "column": 9 }
      },
      "19": {
        "start": { "line": 20, "column": 0 },
        "end": { "line": 20, "column": 4 }
      },
      "20": {
        "start": { "line": 21, "column": 0 },
        "end": { "line": 21, "column": 54 }
      },
      "21": {
        "start": { "line": 22, "column": 0 },
        "end": { "line": 22, "column": 0 }
      },
      "22": {
        "start": { "line": 23, "column": 0 },
        "end": { "line": 23, "column": 10 }
      },
      "23": {
        "start": { "line": 24, "column": 0 },
        "end": { "line": 24, "column": 19 }
      },
      "24": {
        "start": { "line": 25, "column": 0 },
        "end": { "line": 25, "column": 22 }
      },
      "25": {
        "start": { "line": 26, "column": 0 },
        "end": { "line": 26, "column": 20 }
      },
      "26": {
        "start": { "line": 27, "column": 0 },
        "end": { "line": 27, "column": 23 }
      },
      "27": {
        "start": { "line": 28, "column": 0 },
        "end": { "line": 28, "column": 21 }
      },
      "28": {
        "start": { "line": 29, "column": 0 },
        "end": { "line": 29, "column": 24 }
      },
      "29": {
        "start": { "line": 30, "column": 0 },
        "end": { "line": 30, "column": 26 }
      },
      "30": {
        "start": { "line": 31, "column": 0 },
        "end": { "line": 31, "column": 29 }
      },
      "31": {
        "start": { "line": 32, "column": 0 },
        "end": { "line": 32, "column": 26 }
      },
      "32": {
        "start": { "line": 33, "column": 0 },
        "end": { "line": 33, "column": 29 }
      },
      "33": {
        "start": { "line": 34, "column": 0 },
        "end": { "line": 34, "column": 18 }
      },
      "34": {
        "start": { "line": 35, "column": 0 },
        "end": { "line": 35, "column": 21 }
      },
      "35": {
        "start": { "line": 36, "column": 0 },
        "end": { "line": 36, "column": 13 }
      },
      "36": {
        "start": { "line": 37, "column": 0 },
        "end": { "line": 37, "column": 16 }
      },
      "37": {
        "start": { "line": 38, "column": 0 },
        "end": { "line": 38, "column": 4 }
      },
      "38": {
        "start": { "line": 39, "column": 0 },
        "end": { "line": 39, "column": 2 }
      }
    },
    "s": {
      "0": 0,
      "1": 0,
      "2": 0,
      "3": 0,
      "4": 0,
      "5": 0,
      "6": 0,
      "7": 0,
      "8": 0,
      "9": 0,
      "10": 0,
      "11": 0,
      "12": 0,
      "13": 0,
      "14": 0,
      "15": 0,
      "16": 0,
      "17": 0,
      "18": 0,
      "19": 0,
      "20": 0,
      "21": 0,
      "22": 0,
      "23": 0,
      "24": 0,
      "25": 0,
      "26": 0,
      "27": 0,
      "28": 0,
      "29": 0,
      "30": 0,
      "31": 0,
      "32": 0,
      "33": 0,
      "34": 0,
      "35": 0,
      "36": 0,
      "37": 0,
      "38": 0
    },
    "branchMap": {
      "0": {
        "type": "branch",
        "line": 1,
        "loc": {
          "start": { "line": 1, "column": 0 },
          "end": { "line": 39, "column": -78 }
        },
        "locations": [
          {
            "start": { "line": 1, "column": 0 },
            "end": { "line": 39, "column": -78 }
          }
        ]
      }
    },
    "b": { "0": [0] },
    "fnMap": {
      "0": {
        "name": "(empty-report)",
        "decl": {
          "start": { "line": 1, "column": 0 },
          "end": { "line": 39, "column": -78 }
        },
        "loc": {
          "start": { "line": 1, "column": 0 },
          "end": { "line": 39, "column": -78 }
        },
        "line": 1
      }
    },
    "f": { "0": 0 }
  },
  "C:\\Users\\Localuser\\Desktop\\Discordbot\\discord-privacy-util\\src\\store\\authStore.ts": {
    "path": "C:\\Users\\Localuser\\Desktop\\Discordbot\\discord-privacy-util\\src\\store\\authStore.ts",
    "all": true,
    "statementMap": {
      "0": {
        "start": { "line": 1, "column": 0 },
        "end": { "line": 1, "column": 33 }
      },
      "1": {
        "start": { "line": 2, "column": 0 },
        "end": { "line": 2, "column": 0 }
      },
      "2": {
        "start": { "line": 3, "column": 0 },
        "end": { "line": 3, "column": 20 }
      },
      "3": {
        "start": { "line": 4, "column": 0 },
        "end": { "line": 4, "column": 20 }
      },
      "4": {
        "start": { "line": 5, "column": 0 },
        "end": { "line": 5, "column": 55 }
      },
      "5": {
        "start": { "line": 6, "column": 0 },
        "end": { "line": 6, "column": 18 }
      },
      "6": {
        "start": { "line": 7, "column": 0 },
        "end": { "line": 7, "column": 17 }
      },
      "7": {
        "start": { "line": 8, "column": 0 },
        "end": { "line": 8, "column": 1 }
      },
      "8": {
        "start": { "line": 9, "column": 0 },
        "end": { "line": 9, "column": 0 }
      },
      "9": {
        "start": { "line": 10, "column": 0 },
        "end": { "line": 10, "column": 21 }
      },
      "10": {
        "start": { "line": 11, "column": 0 },
        "end": { "line": 11, "column": 27 }
      },
      "11": {
        "start": { "line": 12, "column": 0 },
        "end": { "line": 12, "column": 28 }
      },
      "12": {
        "start": { "line": 13, "column": 0 },
        "end": { "line": 13, "column": 9 }
      },
      "13": {
        "start": { "line": 14, "column": 0 },
        "end": { "line": 14, "column": 15 }
      },
      "14": {
        "start": { "line": 15, "column": 0 },
        "end": { "line": 15, "column": 21 }
      },
      "15": {
        "start": { "line": 16, "column": 0 },
        "end": { "line": 16, "column": 20 }
      },
      "16": {
        "start": { "line": 17, "column": 0 },
        "end": { "line": 17, "column": 19 }
      },
      "17": {
        "start": { "line": 18, "column": 0 },
        "end": { "line": 18, "column": 11 }
      },
      "18": {
        "start": { "line": 19, "column": 0 },
        "end": { "line": 19, "column": 23 }
      },
      "19": {
        "start": { "line": 20, "column": 0 },
        "end": { "line": 20, "column": 21 }
      },
      "20": {
        "start": { "line": 21, "column": 0 },
        "end": { "line": 21, "column": 23 }
      },
      "21": {
        "start": { "line": 22, "column": 0 },
        "end": { "line": 22, "column": 32 }
      },
      "22": {
        "start": { "line": 23, "column": 0 },
        "end": { "line": 23, "column": 21 }
      },
      "23": {
        "start": { "line": 24, "column": 0 },
        "end": { "line": 24, "column": 19 }
      },
      "24": {
        "start": { "line": 25, "column": 0 },
        "end": { "line": 25, "column": 22 }
      },
      "25": {
        "start": { "line": 26, "column": 0 },
        "end": { "line": 26, "column": 67 }
      },
      "26": {
        "start": { "line": 27, "column": 0 },
        "end": { "line": 27, "column": 54 }
      },
      "27": {
        "start": { "line": 28, "column": 0 },
        "end": { "line": 28, "column": 33 }
      },
      "28": {
        "start": { "line": 29, "column": 0 },
        "end": { "line": 29, "column": 41 }
      },
      "29": {
        "start": { "line": 30, "column": 0 },
        "end": { "line": 30, "column": 59 }
      },
      "30": {
        "start": { "line": 31, "column": 0 },
        "end": { "line": 31, "column": 78 }
      },
      "31": {
        "start": { "line": 32, "column": 0 },
        "end": { "line": 32, "column": 24 }
      },
      "32": {
        "start": { "line": 33, "column": 0 },
        "end": { "line": 33, "column": 27 }
      },
      "33": {
        "start": { "line": 34, "column": 0 },
        "end": { "line": 34, "column": 29 }
      },
      "34": {
        "start": { "line": 35, "column": 0 },
        "end": { "line": 35, "column": 25 }
      },
      "35": {
        "start": { "line": 36, "column": 0 },
        "end": { "line": 36, "column": 37 }
      },
      "36": {
        "start": { "line": 37, "column": 0 },
        "end": { "line": 37, "column": 48 }
      },
      "37": {
        "start": { "line": 38, "column": 0 },
        "end": { "line": 38, "column": 45 }
      },
      "38": {
        "start": { "line": 39, "column": 0 },
        "end": { "line": 39, "column": 20 }
      },
      "39": {
        "start": { "line": 40, "column": 0 },
        "end": { "line": 40, "column": 1 }
      },
      "40": {
        "start": { "line": 41, "column": 0 },
        "end": { "line": 41, "column": 0 }
      },
      "41": {
        "start": { "line": 42, "column": 0 },
        "end": { "line": 42, "column": 57 }
      },
      "42": {
        "start": { "line": 43, "column": 0 },
        "end": { "line": 43, "column": 25 }
      },
      "43": {
        "start": { "line": 44, "column": 0 },
        "end": { "line": 44, "column": 26 }
      },
      "44": {
        "start": { "line": 45, "column": 0 },
        "end": { "line": 45, "column": 13 }
      },
      "45": {
        "start": { "line": 46, "column": 0 },
        "end": { "line": 46, "column": 15 }
      },
      "46": {
        "start": { "line": 47, "column": 0 },
        "end": { "line": 47, "column": 19 }
      },
      "47": {
        "start": { "line": 48, "column": 0 },
        "end": { "line": 48, "column": 14 }
      },
      "48": {
        "start": { "line": 49, "column": 0 },
        "end": { "line": 49, "column": 26 }
      },
      "49": {
        "start": { "line": 50, "column": 0 },
        "end": { "line": 50, "column": 16 }
      },
      "50": {
        "start": { "line": 51, "column": 0 },
        "end": { "line": 51, "column": 11 }
      },
      "51": {
        "start": { "line": 52, "column": 0 },
        "end": { "line": 52, "column": 20 }
      },
      "52": {
        "start": { "line": 53, "column": 0 },
        "end": { "line": 53, "column": 17 }
      },
      "53": {
        "start": { "line": 54, "column": 0 },
        "end": { "line": 54, "column": 29 }
      },
      "54": {
        "start": { "line": 55, "column": 0 },
        "end": { "line": 55, "column": 9 }
      },
      "55": {
        "start": { "line": 56, "column": 0 },
        "end": { "line": 56, "column": 28 }
      },
      "56": {
        "start": { "line": 57, "column": 0 },
        "end": { "line": 57, "column": 11 }
      },
      "57": {
        "start": { "line": 58, "column": 0 },
        "end": { "line": 58, "column": 23 }
      },
      "58": {
        "start": { "line": 59, "column": 0 },
        "end": { "line": 59, "column": 18 }
      },
      "59": {
        "start": { "line": 60, "column": 0 },
        "end": { "line": 60, "column": 30 }
      },
      "60": {
        "start": { "line": 61, "column": 0 },
        "end": { "line": 61, "column": 20 }
      },
      "61": {
        "start": { "line": 62, "column": 0 },
        "end": { "line": 62, "column": 7 }
      },
      "62": {
        "start": { "line": 63, "column": 0 },
        "end": { "line": 63, "column": 27 }
      },
      "63": {
        "start": { "line": 64, "column": 0 },
        "end": { "line": 64, "column": 9 }
      },
      "64": {
        "start": { "line": 65, "column": 0 },
        "end": { "line": 65, "column": 29 }
      },
      "65": {
        "start": { "line": 66, "column": 0 },
        "end": { "line": 66, "column": 17 }
      },
      "66": {
        "start": { "line": 67, "column": 0 },
        "end": { "line": 67, "column": 19 }
      },
      "67": {
        "start": { "line": 68, "column": 0 },
        "end": { "line": 68, "column": 23 }
      },
      "68": {
        "start": { "line": 69, "column": 0 },
        "end": { "line": 69, "column": 18 }
      },
      "69": {
        "start": { "line": 70, "column": 0 },
        "end": { "line": 70, "column": 20 }
      },
      "70": {
        "start": { "line": 71, "column": 0 },
        "end": { "line": 71, "column": 7 }
      },
      "71": {
        "start": { "line": 72, "column": 0 },
        "end": { "line": 72, "column": 55 }
      },
      "72": {
        "start": { "line": 73, "column": 0 },
        "end": { "line": 73, "column": 39 }
      },
      "73": {
        "start": { "line": 74, "column": 0 },
        "end": { "line": 74, "column": 66 }
      },
      "74": {
        "start": { "line": 75, "column": 0 },
        "end": { "line": 75, "column": 46 }
      },
      "75": {
        "start": { "line": 76, "column": 0 },
        "end": { "line": 76, "column": 21 }
      },
      "76": {
        "start": { "line": 77, "column": 0 },
        "end": { "line": 77, "column": 13 }
      },
      "77": {
        "start": { "line": 78, "column": 0 },
        "end": { "line": 78, "column": 9 }
      },
      "78": {
        "start": { "line": 79, "column": 0 },
        "end": { "line": 79, "column": 53 }
      },
      "79": {
        "start": { "line": 80, "column": 0 },
        "end": { "line": 80, "column": 16 }
      },
      "80": {
        "start": { "line": 81, "column": 0 },
        "end": { "line": 81, "column": 18 }
      },
      "81": {
        "start": { "line": 82, "column": 0 },
        "end": { "line": 82, "column": 19 }
      },
      "82": {
        "start": { "line": 83, "column": 0 },
        "end": { "line": 83, "column": 10 }
      },
      "83": {
        "start": { "line": 84, "column": 0 },
        "end": { "line": 84, "column": 22 }
      },
      "84": {
        "start": { "line": 85, "column": 0 },
        "end": { "line": 85, "column": 22 }
      },
      "85": {
        "start": { "line": 86, "column": 0 },
        "end": { "line": 86, "column": 8 }
      },
      "86": {
        "start": { "line": 87, "column": 0 },
        "end": { "line": 87, "column": 37 }
      },
      "87": {
        "start": { "line": 88, "column": 0 },
        "end": { "line": 88, "column": 74 }
      },
      "88": {
        "start": { "line": 89, "column": 0 },
        "end": { "line": 89, "column": 79 }
      },
      "89": {
        "start": { "line": 90, "column": 0 },
        "end": { "line": 90, "column": 43 }
      },
      "90": {
        "start": { "line": 91, "column": 0 },
        "end": { "line": 91, "column": 59 }
      },
      "91": {
        "start": { "line": 92, "column": 0 },
        "end": { "line": 92, "column": 33 }
      },
      "92": {
        "start": { "line": 93, "column": 0 },
        "end": { "line": 93, "column": 55 }
      },
      "93": {
        "start": { "line": 94, "column": 0 },
        "end": { "line": 94, "column": 35 }
      },
      "94": {
        "start": { "line": 95, "column": 0 },
        "end": { "line": 95, "column": 14 }
      },
      "95": {
        "start": { "line": 96, "column": 0 },
        "end": { "line": 96, "column": 9 }
      },
      "96": {
        "start": { "line": 97, "column": 0 },
        "end": { "line": 97, "column": 29 }
      },
      "97": {
        "start": { "line": 98, "column": 0 },
        "end": { "line": 98, "column": 30 }
      },
      "98": {
        "start": { "line": 99, "column": 0 },
        "end": { "line": 99, "column": 17 }
      },
      "99": {
        "start": { "line": 100, "column": 0 },
        "end": { "line": 100, "column": 19 }
      },
      "100": {
        "start": { "line": 101, "column": 0 },
        "end": { "line": 101, "column": 23 }
      },
      "101": {
        "start": { "line": 102, "column": 0 },
        "end": { "line": 102, "column": 18 }
      },
      "102": {
        "start": { "line": 103, "column": 0 },
        "end": { "line": 103, "column": 30 }
      },
      "103": {
        "start": { "line": 104, "column": 0 },
        "end": { "line": 104, "column": 20 }
      },
      "104": {
        "start": { "line": 105, "column": 0 },
        "end": { "line": 105, "column": 15 }
      },
      "105": {
        "start": { "line": 106, "column": 0 },
        "end": { "line": 106, "column": 24 }
      },
      "106": {
        "start": { "line": 107, "column": 0 },
        "end": { "line": 107, "column": 21 }
      },
      "107": {
        "start": { "line": 108, "column": 0 },
        "end": { "line": 108, "column": 7 }
      },
      "108": {
        "start": { "line": 109, "column": 0 },
        "end": { "line": 109, "column": 4 }
      }
    },
    "s": {
      "0": 0,
      "1": 0,
      "2": 0,
      "3": 0,
      "4": 0,
      "5": 0,
      "6": 0,
      "7": 0,
      "8": 0,
      "9": 0,
      "10": 0,
      "11": 0,
      "12": 0,
      "13": 0,
      "14": 0,
      "15": 0,
      "16": 0,
      "17": 0,
      "18": 0,
      "19": 0,
      "20": 0,
      "21": 0,
      "22": 0,
      "23": 0,
      "24": 0,
      "25": 0,
      "26": 0,
      "27": 0,
      "28": 0,
      "29": 0,
      "30": 0,
      "31": 0,
      "32": 0,
      "33": 0,
      "34": 0,
      "35": 0,
      "36": 0,
      "37": 0,
      "38": 0,
      "39": 0,
      "40": 0,
      "41": 0,
      "42": 0,
      "43": 0,
      "44": 0,
      "45": 0,
      "46": 0,
      "47": 0,
      "48": 0,
      "49": 0,
      "50": 0,
      "51": 0,
      "52": 0,
      "53": 0,
      "54": 0,
      "55": 0,
      "56": 0,
      "57": 0,
      "58": 0,
      "59": 0,
      "60": 0,
      "61": 0,
      "62": 0,
      "63": 0,
      "64": 0,
      "65": 0,
      "66": 0,
      "67": 0,
      "68": 0,
      "69": 0,
      "70": 0,
      "71": 0,
      "72": 0,
      "73": 0,
      "74": 0,
      "75": 0,
      "76": 0,
      "77": 0,
      "78": 0,
      "79": 0,
      "80": 0,
      "81": 0,
      "82": 0,
      "83": 0,
      "84": 0,
      "85": 0,
      "86": 0,
      "87": 0,
      "88": 0,
      "89": 0,
      "90": 0,
      "91": 0,
      "92": 0,
      "93": 0,
      "94": 0,
      "95": 0,
      "96": 0,
      "97": 0,
      "98": 0,
      "99": 0,
      "100": 0,
      "101": 0,
      "102": 0,
      "103": 0,
      "104": 0,
      "105": 0,
      "106": 0,
      "107": 0,
      "108": 0
    },
    "branchMap": {
      "0": {
        "type": "branch",
        "line": 1,
        "loc": {
          "start": { "line": 1, "column": 2907 },
          "end": { "line": 109, "column": 4 }
        },
        "locations": [
          {
            "start": { "line": 1, "column": 2907 },
            "end": { "line": 109, "column": 4 }
          }
        ]
      }
    },
    "b": { "0": [0] },
    "fnMap": {
      "0": {
        "name": "(empty-report)",
        "decl": {
          "start": { "line": 1, "column": 2907 },
          "end": { "line": 109, "column": 4 }
        },
        "loc": {
          "start": { "line": 1, "column": 2907 },
          "end": { "line": 109, "column": 4 }
        },
        "line": 1
      }
    },
    "f": { "0": 0 }
  }
}
